AI目录代码完善开始: 2025-06-18 04:40:54
[2025-06-18 04:40:54] 文件不存在，将创建新文件: AIManager.php
[2025-06-18 04:40:54] 已完善AI类: AIManager.php
[2025-06-18 04:40:54] 文件不存在，将创建新文件: NaturalLanguage.php
[2025-06-18 04:40:54] 已完善AI类: NaturalLanguage.php
[2025-06-18 04:40:54] 文件不存在，将创建新文件: ComputerVision.php
[2025-06-18 04:40:54] 已完善AI类: ComputerVision.php
[2025-06-18 04:40:54] 文件不存在，将创建新文件: MachineLearning.php
[2025-06-18 04:40:54] 已完善AI类: MachineLearning.php
[2025-06-18 04:40:54] 文件不存在，将创建新文件: DeepLearning.php
[2025-06-18 04:40:54] 已完善AI类: DeepLearning.php
[2025-06-18 04:40:54] 文件不存在，将创建新文件: Recommendation.php
[2025-06-18 04:40:54] 已完善AI类: Recommendation.php
[2025-06-18 04:40:54] 文件不存在，将创建新文件: SpeechRecognition.php
[2025-06-18 04:40:54] 已完善AI类: SpeechRecognition.php
[2025-06-18 04:40:54] 文件不存在，将创建新文件: TextToSpeech.php
[2025-06-18 04:40:54] 已完善AI类: TextToSpeech.php
[2025-06-18 04:40:54] 文件不存在，将创建新文件: Chatbot.php
[2025-06-18 04:40:54] 已完善AI类: Chatbot.php
[2025-06-18 04:40:54] 文件不存在，将创建新文件: Sentiment.php
[2025-06-18 04:40:54] 已完善AI类: Sentiment.php
[2025-06-18 04:40:54] 文件不存在，将创建新文件: EntityRecognition.php
[2025-06-18 04:40:54] 已完善AI类: EntityRecognition.php
[2025-06-18 04:40:54] 文件不存在，将创建新文件: ModelTrainer.php
[2025-06-18 04:40:54] 已完善AI类: ModelTrainer.php
[2025-06-18 04:40:54] 文件不存在，将创建新文件: DataPreprocessor.php
[2025-06-18 04:40:54] 已完善AI类: DataPreprocessor.php
[2025-06-18 04:40:54] 文件不存在，将创建新文件: ModelEvaluator.php
[2025-06-18 04:40:54] 已完善AI类: ModelEvaluator.php
[2025-06-18 04:40:54] 文件不存在，将创建新文件: AIProvider.php
[2025-06-18 04:40:54] 已完善AI类: AIProvider.php
[2025-06-18 04:40:54] AI目录代码完善完成，耗时: 0.04 秒
AI目录代码完善开始: 2025-06-18 04:41:18
[2025-06-18 04:41:18] 文件不存在，将创建新文件: AIManager.php
[2025-06-18 04:41:18] 已完善AI类: AIManager.php
[2025-06-18 04:41:18] 文件不存在，将创建新文件: NaturalLanguage.php
[2025-06-18 04:41:18] 已完善AI类: NaturalLanguage.php
[2025-06-18 04:41:18] 文件不存在，将创建新文件: ComputerVision.php
[2025-06-18 04:41:18] 已完善AI类: ComputerVision.php
[2025-06-18 04:41:18] 文件不存在，将创建新文件: MachineLearning.php
[2025-06-18 04:41:18] 已完善AI类: MachineLearning.php
[2025-06-18 04:41:18] 文件不存在，将创建新文件: DeepLearning.php
[2025-06-18 04:41:18] 已完善AI类: DeepLearning.php
[2025-06-18 04:41:18] 文件不存在，将创建新文件: Recommendation.php
[2025-06-18 04:41:18] 已完善AI类: Recommendation.php
[2025-06-18 04:41:18] 文件不存在，将创建新文件: SpeechRecognition.php
[2025-06-18 04:41:18] 已完善AI类: SpeechRecognition.php
[2025-06-18 04:41:18] 文件不存在，将创建新文件: TextToSpeech.php
[2025-06-18 04:41:18] 已完善AI类: TextToSpeech.php
[2025-06-18 04:41:18] 文件不存在，将创建新文件: Chatbot.php
[2025-06-18 04:41:18] 已完善AI类: Chatbot.php
[2025-06-18 04:41:18] 文件不存在，将创建新文件: Sentiment.php
[2025-06-18 04:41:18] 已完善AI类: Sentiment.php
[2025-06-18 04:41:18] 文件不存在，将创建新文件: EntityRecognition.php
[2025-06-18 04:41:18] 已完善AI类: EntityRecognition.php
[2025-06-18 04:41:18] 文件不存在，将创建新文件: ModelTrainer.php
[2025-06-18 04:41:18] 已完善AI类: ModelTrainer.php
[2025-06-18 04:41:18] 文件不存在，将创建新文件: DataPreprocessor.php
[2025-06-18 04:41:18] 已完善AI类: DataPreprocessor.php
[2025-06-18 04:41:18] 文件不存在，将创建新文件: ModelEvaluator.php
[2025-06-18 04:41:18] 已完善AI类: ModelEvaluator.php
[2025-06-18 04:41:18] 文件不存在，将创建新文件: AIProvider.php
[2025-06-18 04:41:18] 已完善AI类: AIProvider.php
[2025-06-18 04:41:18] AI目录代码完善完成，耗时: 0.03 秒
