Security目录代码完善开始: 2025-06-18 04:40:46
[2025-06-18 04:40:46] 文件不存在，将创建新文件: Firewall.php
[2025-06-18 04:40:46] 已完善Security类: Firewall.php
[2025-06-18 04:40:46] 文件不存在，将创建新文件: CSRF.php
[2025-06-18 04:40:46] 已完善Security类: CSRF.php
[2025-06-18 04:40:46] 文件不存在，将创建新文件: XSS.php
[2025-06-18 04:40:46] 已完善Security类: XSS.php
[2025-06-18 04:40:46] 文件不存在，将创建新文件: SQLInjection.php
[2025-06-18 04:40:46] 已完善Security类: SQLInjection.php
[2025-06-18 04:40:46] 文件不存在，将创建新文件: Authentication.php
[2025-06-18 04:40:46] 已完善Security类: Authentication.php
[2025-06-18 04:40:46] 文件不存在，将创建新文件: Authorization.php
[2025-06-18 04:40:46] 已完善Security类: Authorization.php
[2025-06-18 04:40:46] 文件不存在，将创建新文件: Encryption.php
[2025-06-18 04:40:46] 已完善Security类: Encryption.php
[2025-06-18 04:40:46] 文件不存在，将创建新文件: Password.php
[2025-06-18 04:40:46] 已完善Security类: Password.php
[2025-06-18 04:40:46] 读取现有文件: JWT.php
[2025-06-18 04:40:46] 已完善Security类: JWT.php
[2025-06-18 04:40:46] 文件不存在，将创建新文件: RateLimiter.php
[2025-06-18 04:40:46] 已完善Security类: RateLimiter.php
[2025-06-18 04:40:46] 文件不存在，将创建新文件: TwoFactorAuth.php
[2025-06-18 04:40:46] 已完善Security类: TwoFactorAuth.php
[2025-06-18 04:40:46] 文件不存在，将创建新文件: SecurityHeaders.php
[2025-06-18 04:40:46] 已完善Security类: SecurityHeaders.php
[2025-06-18 04:40:46] Security目录代码完善完成，耗时: 0.04 秒
Security目录代码完善开始: 2025-06-18 04:41:18
[2025-06-18 04:41:18] 文件不存在，将创建新文件: Firewall.php
[2025-06-18 04:41:18] 已完善Security类: Firewall.php
[2025-06-18 04:41:18] 文件不存在，将创建新文件: CSRF.php
[2025-06-18 04:41:18] 已完善Security类: CSRF.php
[2025-06-18 04:41:18] 文件不存在，将创建新文件: XSS.php
[2025-06-18 04:41:18] 已完善Security类: XSS.php
[2025-06-18 04:41:18] 文件不存在，将创建新文件: SQLInjection.php
[2025-06-18 04:41:18] 已完善Security类: SQLInjection.php
[2025-06-18 04:41:18] 文件不存在，将创建新文件: Authentication.php
[2025-06-18 04:41:18] 已完善Security类: Authentication.php
[2025-06-18 04:41:18] 文件不存在，将创建新文件: Authorization.php
[2025-06-18 04:41:18] 已完善Security类: Authorization.php
[2025-06-18 04:41:18] 文件不存在，将创建新文件: Encryption.php
[2025-06-18 04:41:18] 已完善Security类: Encryption.php
[2025-06-18 04:41:18] 文件不存在，将创建新文件: Password.php
[2025-06-18 04:41:18] 已完善Security类: Password.php
[2025-06-18 04:41:18] 读取现有文件: JWT.php
[2025-06-18 04:41:18] 已完善Security类: JWT.php
[2025-06-18 04:41:18] 文件不存在，将创建新文件: RateLimiter.php
[2025-06-18 04:41:18] 已完善Security类: RateLimiter.php
[2025-06-18 04:41:18] 文件不存在，将创建新文件: TwoFactorAuth.php
[2025-06-18 04:41:18] 已完善Security类: TwoFactorAuth.php
[2025-06-18 04:41:18] 文件不存在，将创建新文件: SecurityHeaders.php
[2025-06-18 04:41:18] 已完善Security类: SecurityHeaders.php
[2025-06-18 04:41:18] Security目录代码完善完成，耗时: 0.03 秒
