Core目录代码完善开始: 2025-06-18 04:40:25
[2025-06-18 04:40:25] 读取现有文件: Application.php
[2025-06-18 04:40:25] 已完善Core类: Application.php
[2025-06-18 04:40:25] 文件不存在，将创建新文件: Container.php
[2025-06-18 04:40:25] 已完善Core类: Container.php
[2025-06-18 04:40:25] 文件不存在，将创建新文件: ServiceProvider.php
[2025-06-18 04:40:25] 已完善Core类: ServiceProvider.php
[2025-06-18 04:40:25] 文件不存在，将创建新文件: Config.php
[2025-06-18 04:40:25] 已完善Core类: Config.php
[2025-06-18 04:40:25] 读取现有文件: Router.php
[2025-06-18 04:40:25] 已完善Core类: Router.php
[2025-06-18 04:40:25] 文件不存在，将创建新文件: Request.php
[2025-06-18 04:40:25] 已完善Core类: Request.php
[2025-06-18 04:40:25] 文件不存在，将创建新文件: Response.php
[2025-06-18 04:40:25] 已完善Core类: Response.php
[2025-06-18 04:40:25] 文件不存在，将创建新文件: View.php
[2025-06-18 04:40:25] 已完善Core类: View.php
[2025-06-18 04:40:25] 文件不存在，将创建新文件: Session.php
[2025-06-18 04:40:25] 已完善Core类: Session.php
[2025-06-18 04:40:25] 文件不存在，将创建新文件: Validator.php
[2025-06-18 04:40:25] 已完善Core类: Validator.php
[2025-06-18 04:40:25] Core目录代码完善完成，耗时: 0.04 秒
Core目录代码完善开始: 2025-06-18 04:41:17
[2025-06-18 04:41:17] 读取现有文件: Application.php
[2025-06-18 04:41:17] 已完善Core类: Application.php
[2025-06-18 04:41:17] 文件不存在，将创建新文件: Container.php
[2025-06-18 04:41:17] 已完善Core类: Container.php
[2025-06-18 04:41:17] 文件不存在，将创建新文件: ServiceProvider.php
[2025-06-18 04:41:17] 已完善Core类: ServiceProvider.php
[2025-06-18 04:41:17] 文件不存在，将创建新文件: Config.php
[2025-06-18 04:41:17] 已完善Core类: Config.php
[2025-06-18 04:41:17] 读取现有文件: Router.php
[2025-06-18 04:41:17] 已完善Core类: Router.php
[2025-06-18 04:41:17] 文件不存在，将创建新文件: Request.php
[2025-06-18 04:41:17] 已完善Core类: Request.php
[2025-06-18 04:41:17] 文件不存在，将创建新文件: Response.php
[2025-06-18 04:41:17] 已完善Core类: Response.php
[2025-06-18 04:41:17] 文件不存在，将创建新文件: View.php
[2025-06-18 04:41:17] 已完善Core类: View.php
[2025-06-18 04:41:17] 文件不存在，将创建新文件: Session.php
[2025-06-18 04:41:17] 已完善Core类: Session.php
[2025-06-18 04:41:17] 文件不存在，将创建新文件: Validator.php
[2025-06-18 04:41:17] 已完善Core类: Validator.php
[2025-06-18 04:41:17] Core目录代码完善完成，耗时: 0.02 秒
