[2025-06-16 09:01:18] 移动测试文件: E:\Code\AlingAi\AlingAi_pro\scripts\..\public\test.php -> E:\Code\AlingAi\AlingAi_pro\scripts\..\public\tests\test.php
[2025-06-16 09:01:18] 移动测试文件: E:\Code\AlingAi\AlingAi_pro\scripts\..\public\test_docs_access.php -> E:\Code\AlingAi\AlingAi_pro\scripts\..\public\tests\test_docs_access.php
[2025-06-16 09:01:18] 移动测试文件: E:\Code\AlingAi\AlingAi_pro\scripts\..\public\test_simple.php -> E:\Code\AlingAi\AlingAi_pro\scripts\..\public\tests\test_simple.php
[2025-06-16 09:01:18] 移动备份文件: E:\Code\AlingAi\AlingAi_pro\scripts\..\public\chat-original-backup.html -> E:\Code\AlingAi\AlingAi_pro\scripts\..\public\backups\chat-original-backup.html
[2025-06-16 09:01:18] 移动备份文件: E:\Code\AlingAi\AlingAi_pro\scripts\..\public\dashboard-original-backup.html -> E:\Code\AlingAi\AlingAi_pro\scripts\..\public\backups\dashboard-original-backup.html
[2025-06-16 09:01:18] 移动备份文件: E:\Code\AlingAi\AlingAi_pro\scripts\..\public\index-backup.html -> E:\Code\AlingAi\AlingAi_pro\scripts\..\public\backups\index-backup.html
[2025-06-16 09:01:18] 移动备份文件: E:\Code\AlingAi\AlingAi_pro\scripts\..\public\index-original-backup.html -> E:\Code\AlingAi\AlingAi_pro\scripts\..\public\backups\index-original-backup.html
[2025-06-16 09:01:18] 移动备份文件: E:\Code\AlingAi\AlingAi_pro\scripts\..\public\login-original-backup.html -> E:\Code\AlingAi\AlingAi_pro\scripts\..\public\backups\login-original-backup.html
[2025-06-16 09:01:18] 移动备份文件: E:\Code\AlingAi\AlingAi_pro\scripts\..\public\profile-original-backup.html -> E:\Code\AlingAi\AlingAi_pro\scripts\..\public\backups\profile-original-backup.html
[2025-06-16 09:01:18] 移动备份文件: E:\Code\AlingAi\AlingAi_pro\scripts\..\public\register-original-backup.html -> E:\Code\AlingAi\AlingAi_pro\scripts\..\public\backups\register-original-backup.html
[2025-06-16 09:01:18] 优化HTML文件: E:\Code\AlingAi\AlingAi_pro\scripts\..\public\access_portal.html
[2025-06-16 09:01:18] 优化HTML文件: E:\Code\AlingAi\AlingAi_pro\scripts\..\public\ai-assistant.html
[2025-06-16 09:01:18] 优化HTML文件: E:\Code\AlingAi\AlingAi_pro\scripts\..\public\animation-debug.html
[2025-06-16 09:01:18] 优化HTML文件: E:\Code\AlingAi\AlingAi_pro\scripts\..\public\api-docs.html
[2025-06-16 09:01:18] 优化HTML文件: E:\Code\AlingAi\AlingAi_pro\scripts\..\public\api-test.html
[2025-06-16 09:01:18] 优化HTML文件: E:\Code\AlingAi\AlingAi_pro\scripts\..\public\chat-enhanced.html
[2025-06-16 09:01:18] 优化HTML文件: E:\Code\AlingAi\AlingAi_pro\scripts\..\public\chat-new.html
[2025-06-16 09:01:18] 优化HTML文件: E:\Code\AlingAi\AlingAi_pro\scripts\..\public\chat.html
[2025-06-16 09:01:18] 优化HTML文件: E:\Code\AlingAi\AlingAi_pro\scripts\..\public\code-examples.html
[2025-06-16 09:01:18] 优化HTML文件: E:\Code\AlingAi\AlingAi_pro\scripts\..\public\comprehensive-test.html
[2025-06-16 09:01:18] 优化HTML文件: E:\Code\AlingAi\AlingAi_pro\scripts\..\public\contact.html
[2025-06-16 09:01:18] 优化HTML文件: E:\Code\AlingAi\AlingAi_pro\scripts\..\public\cpp-animation-completion.html
[2025-06-16 09:01:18] 优化HTML文件: E:\Code\AlingAi\AlingAi_pro\scripts\..\public\cpp-animation-test.html
[2025-06-16 09:01:18] 优化HTML文件: E:\Code\AlingAi\AlingAi_pro\scripts\..\public\dashboard-enhanced.html
[2025-06-16 09:01:18] 优化HTML文件: E:\Code\AlingAi\AlingAi_pro\scripts\..\public\dashboard-new.html
[2025-06-16 09:01:18] 优化HTML文件: E:\Code\AlingAi\AlingAi_pro\scripts\..\public\dashboard.html
[2025-06-16 09:01:18] 优化HTML文件: E:\Code\AlingAi\AlingAi_pro\scripts\..\public\database-manager.html
[2025-06-16 09:01:18] 优化HTML文件: E:\Code\AlingAi\AlingAi_pro\scripts\..\public\debug-frontend.html
[2025-06-16 09:01:18] 优化HTML文件: E:\Code\AlingAi\AlingAi_pro\scripts\..\public\docs-center.html
[2025-06-16 09:01:18] 优化HTML文件: E:\Code\AlingAi\AlingAi_pro\scripts\..\public\ecosystem.html
[2025-06-16 09:01:18] 优化HTML文件: E:\Code\AlingAi\AlingAi_pro\scripts\..\public\floating-buttons-test.html
[2025-06-16 09:01:18] 优化HTML文件: E:\Code\AlingAi\AlingAi_pro\scripts\..\public\forgot-password.html
[2025-06-16 09:01:18] 优化HTML文件: E:\Code\AlingAi\AlingAi_pro\scripts\..\public\frontend_api_test.html
[2025-06-16 09:01:18] 优化HTML文件: E:\Code\AlingAi\AlingAi_pro\scripts\..\public\help-center.html
[2025-06-16 09:01:18] 优化HTML文件: E:\Code\AlingAi\AlingAi_pro\scripts\..\public\home.html
[2025-06-16 09:01:18] 优化HTML文件: E:\Code\AlingAi\AlingAi_pro\scripts\..\public\homepage.html
[2025-06-16 09:01:18] 优化HTML文件: E:\Code\AlingAi\AlingAi_pro\scripts\..\public\homepage_temp.html
[2025-06-16 09:01:18] 优化HTML文件: E:\Code\AlingAi\AlingAi_pro\scripts\..\public\index-enhanced.html
[2025-06-16 09:01:18] 优化HTML文件: E:\Code\AlingAi\AlingAi_pro\scripts\..\public\index-unified.html
[2025-06-16 09:01:18] 优化HTML文件: E:\Code\AlingAi\AlingAi_pro\scripts\..\public\index.html
[2025-06-16 09:01:18] 优化HTML文件: E:\Code\AlingAi\AlingAi_pro\scripts\..\public\index_new.html
[2025-06-16 09:01:18] 优化HTML文件: E:\Code\AlingAi\AlingAi_pro\scripts\..\public\install-wizard.html
[2025-06-16 09:01:18] 优化HTML文件: E:\Code\AlingAi\AlingAi_pro\scripts\..\public\login-enhanced.html
[2025-06-16 09:01:18] 优化HTML文件: E:\Code\AlingAi\AlingAi_pro\scripts\..\public\login-new.html
[2025-06-16 09:01:18] 优化HTML文件: E:\Code\AlingAi\AlingAi_pro\scripts\..\public\login.html
[2025-06-16 09:01:18] 优化HTML文件: E:\Code\AlingAi\AlingAi_pro\scripts\..\public\navigation-sync.html
[2025-06-16 09:01:18] 优化HTML文件: E:\Code\AlingAi\AlingAi_pro\scripts\..\public\partner-portal.html
[2025-06-16 09:01:18] 优化HTML文件: E:\Code\AlingAi\AlingAi_pro\scripts\..\public\partners.html
[2025-06-16 09:01:18] 优化HTML文件: E:\Code\AlingAi\AlingAi_pro\scripts\..\public\partnership.html
[2025-06-16 09:01:18] 优化HTML文件: E:\Code\AlingAi\AlingAi_pro\scripts\..\public\platform.html
[2025-06-16 09:01:18] 优化HTML文件: E:\Code\AlingAi\AlingAi_pro\scripts\..\public\portal.html
[2025-06-16 09:01:18] 优化HTML文件: E:\Code\AlingAi\AlingAi_pro\scripts\..\public\privacy.html
[2025-06-16 09:01:18] 优化HTML文件: E:\Code\AlingAi\AlingAi_pro\scripts\..\public\profile-enhanced.html
[2025-06-16 09:01:18] 优化HTML文件: E:\Code\AlingAi\AlingAi_pro\scripts\..\public\profile-new.html
[2025-06-16 09:01:18] 优化HTML文件: E:\Code\AlingAi\AlingAi_pro\scripts\..\public\profile.html
[2025-06-16 09:01:18] 优化HTML文件: E:\Code\AlingAi\AlingAi_pro\scripts\..\public\quantum-demo.html
[2025-06-16 09:01:18] 优化HTML文件: E:\Code\AlingAi\AlingAi_pro\scripts\..\public\quantum-security.html
[2025-06-16 09:01:18] 优化HTML文件: E:\Code\AlingAi\AlingAi_pro\scripts\..\public\register-enhanced.html
[2025-06-16 09:01:18] 优化HTML文件: E:\Code\AlingAi\AlingAi_pro\scripts\..\public\register-new.html
[2025-06-16 09:01:18] 优化HTML文件: E:\Code\AlingAi\AlingAi_pro\scripts\..\public\register.html
[2025-06-16 09:01:18] 优化HTML文件: E:\Code\AlingAi\AlingAi_pro\scripts\..\public\sdk-download.html
[2025-06-16 09:01:18] 优化HTML文件: E:\Code\AlingAi\AlingAi_pro\scripts\..\public\security-dashboard-demo.html
[2025-06-16 09:01:18] 优化HTML文件: E:\Code\AlingAi\AlingAi_pro\scripts\..\public\security-dashboard.html
[2025-06-16 09:01:18] 优化HTML文件: E:\Code\AlingAi\AlingAi_pro\scripts\..\public\sitemap.html
[2025-06-16 09:01:18] 优化HTML文件: E:\Code\AlingAi\AlingAi_pro\scripts\..\public\system-monitor.html
[2025-06-16 09:01:18] 优化HTML文件: E:\Code\AlingAi\AlingAi_pro\scripts\..\public\system-optimization.html
[2025-06-16 09:01:18] 优化HTML文件: E:\Code\AlingAi\AlingAi_pro\scripts\..\public\system-test-console.html
[2025-06-16 09:01:18] 优化HTML文件: E:\Code\AlingAi\AlingAi_pro\scripts\..\public\system_status.html
[2025-06-16 09:01:18] 优化HTML文件: E:\Code\AlingAi\AlingAi_pro\scripts\..\public\system_test.html
[2025-06-16 09:01:18] 优化HTML文件: E:\Code\AlingAi\AlingAi_pro\scripts\..\public\system_test_complete.html
[2025-06-16 09:01:18] 优化HTML文件: E:\Code\AlingAi\AlingAi_pro\scripts\..\public\tech-support.html
[2025-06-16 09:01:18] 优化HTML文件: E:\Code\AlingAi\AlingAi_pro\scripts\..\public\terms.html
[2025-06-16 09:01:18] 优化HTML文件: E:\Code\AlingAi\AlingAi_pro\scripts\..\public\test-database-integration.html
[2025-06-16 09:01:18] 优化HTML文件: E:\Code\AlingAi\AlingAi_pro\scripts\..\public\test-enhanced-features.html
[2025-06-16 09:01:18] 优化HTML文件: E:\Code\AlingAi\AlingAi_pro\scripts\..\public\test-fixes.html
[2025-06-16 09:01:18] 优化HTML文件: E:\Code\AlingAi\AlingAi_pro\scripts\..\public\test-login.html
[2025-06-16 09:01:18] 优化HTML文件: E:\Code\AlingAi\AlingAi_pro\scripts\..\public\test-profile-enhanced.html
[2025-06-16 09:01:18] 优化HTML文件: E:\Code\AlingAi\AlingAi_pro\scripts\..\public\test.html
[2025-06-16 09:01:18] 优化HTML文件: E:\Code\AlingAi\AlingAi_pro\scripts\..\public\threat-visualization.html
[2025-06-16 09:01:18] 优化HTML文件: E:\Code\AlingAi\AlingAi_pro\scripts\..\public\tools-index.html
[2025-06-16 09:01:18] 优化HTML文件: E:\Code\AlingAi\AlingAi_pro\scripts\..\public\ui-components-demo.html
[2025-06-16 09:01:18] 优化HTML文件: E:\Code\AlingAi\AlingAi_pro\scripts\..\public\version-timeline.html
[2025-06-16 09:01:18] 优化HTML文件: E:\Code\AlingAi\AlingAi_pro\scripts\..\public\websocket_test.html
[2025-06-16 09:01:18] 优化HTML文件: E:\Code\AlingAi\AlingAi_pro\scripts\..\public\ws_test_simple.html
[2025-06-16 09:01:18] 优化HTML文件: E:\Code\AlingAi\AlingAi_pro\scripts\..\public\zero-trust.html
[2025-06-16 09:01:18] 压缩CSS文件: E:\Code\AlingAi\AlingAi_pro\scripts\..\public\assets\css\advanced-ui-components.css
[2025-06-16 09:01:18] 压缩CSS文件: E:\Code\AlingAi\AlingAi_pro\scripts\..\public\assets\css\advanced-ui-components.min.css
[2025-06-16 09:01:18] 压缩CSS文件: E:\Code\AlingAi\AlingAi_pro\scripts\..\public\assets\css\advanced-ui-components.min.min.css
[2025-06-16 09:01:18] 压缩CSS文件: E:\Code\AlingAi\AlingAi_pro\scripts\..\public\assets\css\advanced-ui-components.min.min.min.css
[2025-06-16 09:01:18] 压缩CSS文件: E:\Code\AlingAi\AlingAi_pro\scripts\..\public\assets\css\chat.css
[2025-06-16 09:01:18] 压缩CSS文件: E:\Code\AlingAi\AlingAi_pro\scripts\..\public\assets\css\chat.min.css
[2025-06-16 09:01:18] 压缩CSS文件: E:\Code\AlingAi\AlingAi_pro\scripts\..\public\assets\css\chat.min.min.css
[2025-06-16 09:01:18] 压缩CSS文件: E:\Code\AlingAi\AlingAi_pro\scripts\..\public\assets\css\chat.min.min.min.css
[2025-06-16 09:01:18] 压缩CSS文件: E:\Code\AlingAi\AlingAi_pro\scripts\..\public\assets\css\cpp-animation.css
[2025-06-16 09:01:18] 压缩CSS文件: E:\Code\AlingAi\AlingAi_pro\scripts\..\public\assets\css\critical.min.css
[2025-06-16 09:01:18] 压缩CSS文件: E:\Code\AlingAi\AlingAi_pro\scripts\..\public\assets\css\dashboard.css
[2025-06-16 09:01:18] 压缩CSS文件: E:\Code\AlingAi\AlingAi_pro\scripts\..\public\assets\css\dashboard.min.css
[2025-06-16 09:01:18] 压缩CSS文件: E:\Code\AlingAi\AlingAi_pro\scripts\..\public\assets\css\dashboard.min.min.css
[2025-06-16 09:01:18] 压缩CSS文件: E:\Code\AlingAi\AlingAi_pro\scripts\..\public\assets\css\dashboard.min.min.min.css
[2025-06-16 09:01:18] 压缩CSS文件: E:\Code\AlingAi\AlingAi_pro\scripts\..\public\assets\css\input-area.css
[2025-06-16 09:01:18] 压缩CSS文件: E:\Code\AlingAi\AlingAi_pro\scripts\..\public\assets\css\input-area.min.css
[2025-06-16 09:01:18] 压缩CSS文件: E:\Code\AlingAi\AlingAi_pro\scripts\..\public\assets\css\input-area.min.min.css
[2025-06-16 09:01:18] 压缩CSS文件: E:\Code\AlingAi\AlingAi_pro\scripts\..\public\assets\css\input-area.min.min.min.css
[2025-06-16 09:01:18] 压缩CSS文件: E:\Code\AlingAi\AlingAi_pro\scripts\..\public\assets\css\input-theme-fixes.css
[2025-06-16 09:01:18] 压缩CSS文件: E:\Code\AlingAi\AlingAi_pro\scripts\..\public\assets\css\input-theme-fixes.min.css
[2025-06-16 09:01:18] 压缩CSS文件: E:\Code\AlingAi\AlingAi_pro\scripts\..\public\assets\css\integrated-detection-system.css
[2025-06-16 09:01:18] 压缩CSS文件: E:\Code\AlingAi\AlingAi_pro\scripts\..\public\assets\css\integrated-detection-system.min.css
[2025-06-16 09:01:18] 压缩CSS文件: E:\Code\AlingAi\AlingAi_pro\scripts\..\public\assets\css\integrated-detection-system.min.min.css
[2025-06-16 09:01:18] 压缩CSS文件: E:\Code\AlingAi\AlingAi_pro\scripts\..\public\assets\css\integrated-detection-system.min.min.min.css
[2025-06-16 09:01:18] 压缩CSS文件: E:\Code\AlingAi\AlingAi_pro\scripts\..\public\assets\css\main.css
[2025-06-16 09:01:18] 压缩CSS文件: E:\Code\AlingAi\AlingAi_pro\scripts\..\public\assets\css\main.min.css
[2025-06-16 09:01:18] 压缩CSS文件: E:\Code\AlingAi\AlingAi_pro\scripts\..\public\assets\css\main.min.min.css
[2025-06-16 09:01:18] 压缩CSS文件: E:\Code\AlingAi\AlingAi_pro\scripts\..\public\assets\css\main.min.min.min.css
[2025-06-16 09:01:18] 压缩CSS文件: E:\Code\AlingAi\AlingAi_pro\scripts\..\public\assets\css\minimalist-background.css
[2025-06-16 09:01:18] 压缩CSS文件: E:\Code\AlingAi\AlingAi_pro\scripts\..\public\assets\css\minimalist-background.min.css
[2025-06-16 09:01:18] 压缩CSS文件: E:\Code\AlingAi\AlingAi_pro\scripts\..\public\assets\css\minimalist-background.min.min.css
[2025-06-16 09:01:18] 压缩CSS文件: E:\Code\AlingAi\AlingAi_pro\scripts\..\public\assets\css\minimalist-background.min.min.min.css
[2025-06-16 09:01:18] 压缩CSS文件: E:\Code\AlingAi\AlingAi_pro\scripts\..\public\assets\css\minimalist-backgrounds.css
[2025-06-16 09:01:18] 压缩CSS文件: E:\Code\AlingAi\AlingAi_pro\scripts\..\public\assets\css\minimalist-backgrounds.min.css
[2025-06-16 09:01:18] 压缩CSS文件: E:\Code\AlingAi\AlingAi_pro\scripts\..\public\assets\css\minimalist-backgrounds.min.min.css
[2025-06-16 09:01:18] 压缩CSS文件: E:\Code\AlingAi\AlingAi_pro\scripts\..\public\assets\css\minimalist-backgrounds.min.min.min.css
[2025-06-16 09:01:18] 压缩CSS文件: E:\Code\AlingAi\AlingAi_pro\scripts\..\public\assets\css\modal-fixes.css
[2025-06-16 09:01:18] 压缩CSS文件: E:\Code\AlingAi\AlingAi_pro\scripts\..\public\assets\css\modal-fixes.min.css
[2025-06-16 09:01:18] 压缩CSS文件: E:\Code\AlingAi\AlingAi_pro\scripts\..\public\assets\css\modal-fixes.min.min.css
[2025-06-16 09:01:18] 压缩CSS文件: E:\Code\AlingAi\AlingAi_pro\scripts\..\public\assets\css\quantum-animations.css
[2025-06-16 09:01:18] 压缩CSS文件: E:\Code\AlingAi\AlingAi_pro\scripts\..\public\assets\css\quantum-animations.min.css
[2025-06-16 09:01:18] 压缩CSS文件: E:\Code\AlingAi\AlingAi_pro\scripts\..\public\assets\css\quantum-animations.min.min.css
[2025-06-16 09:01:18] 压缩CSS文件: E:\Code\AlingAi\AlingAi_pro\scripts\..\public\assets\css\quantum-animations.min.min.min.css
[2025-06-16 09:01:18] 压缩CSS文件: E:\Code\AlingAi\AlingAi_pro\scripts\..\public\assets\css\quantum-chat-animations.css
[2025-06-16 09:01:18] 压缩CSS文件: E:\Code\AlingAi\AlingAi_pro\scripts\..\public\assets\css\quantum-chat-animations.min.css
[2025-06-16 09:01:18] 压缩CSS文件: E:\Code\AlingAi\AlingAi_pro\scripts\..\public\assets\css\quantum-chat-animations.min.min.css
[2025-06-16 09:01:18] 压缩CSS文件: E:\Code\AlingAi\AlingAi_pro\scripts\..\public\assets\css\quantum-chat-animations.min.min.min.css
[2025-06-16 09:01:18] 压缩CSS文件: E:\Code\AlingAi\AlingAi_pro\scripts\..\public\assets\css\quantum-styles.css
[2025-06-16 09:01:18] 压缩CSS文件: E:\Code\AlingAi\AlingAi_pro\scripts\..\public\assets\css\quantum-styles.min.css
[2025-06-16 09:01:18] 压缩CSS文件: E:\Code\AlingAi\AlingAi_pro\scripts\..\public\assets\css\quantum-styles.min.min.css
[2025-06-16 09:01:18] 压缩CSS文件: E:\Code\AlingAi\AlingAi_pro\scripts\..\public\assets\css\quantum-styles.min.min.min.css
[2025-06-16 09:01:18] 压缩CSS文件: E:\Code\AlingAi\AlingAi_pro\scripts\..\public\assets\css\quantum.css
[2025-06-16 09:01:18] 压缩CSS文件: E:\Code\AlingAi\AlingAi_pro\scripts\..\public\assets\css\quantum.min.css
[2025-06-16 09:01:18] 压缩CSS文件: E:\Code\AlingAi\AlingAi_pro\scripts\..\public\assets\css\quantum.min.min.css
[2025-06-16 09:01:18] 压缩CSS文件: E:\Code\AlingAi\AlingAi_pro\scripts\..\public\assets\css\quantum.min.min.min.css
[2025-06-16 09:01:18] 压缩CSS文件: E:\Code\AlingAi\AlingAi_pro\scripts\..\public\assets\css\simplified-tech-background.css
[2025-06-16 09:01:18] 压缩CSS文件: E:\Code\AlingAi\AlingAi_pro\scripts\..\public\assets\css\simplified-tech-background.min.css
[2025-06-16 09:01:18] 压缩CSS文件: E:\Code\AlingAi\AlingAi_pro\scripts\..\public\assets\css\simplified-tech-background.min.min.css
[2025-06-16 09:01:18] 压缩CSS文件: E:\Code\AlingAi\AlingAi_pro\scripts\..\public\assets\css\simplified-tech-background.min.min.min.css
[2025-06-16 09:01:18] 压缩CSS文件: E:\Code\AlingAi\AlingAi_pro\scripts\..\public\assets\css\style.css
[2025-06-16 09:01:18] 压缩CSS文件: E:\Code\AlingAi\AlingAi_pro\scripts\..\public\assets\css\styles.css
[2025-06-16 09:01:18] 压缩CSS文件: E:\Code\AlingAi\AlingAi_pro\scripts\..\public\assets\css\styles.min.css
[2025-06-16 09:01:18] 压缩CSS文件: E:\Code\AlingAi\AlingAi_pro\scripts\..\public\assets\css\styles.min.min.css
[2025-06-16 09:01:18] 压缩CSS文件: E:\Code\AlingAi\AlingAi_pro\scripts\..\public\assets\css\styles.min.min.min.css
[2025-06-16 09:01:18] 压缩CSS文件: E:\Code\AlingAi\AlingAi_pro\scripts\..\public\assets\css\unified-background-manager.css
[2025-06-16 09:01:18] 压缩CSS文件: E:\Code\AlingAi\AlingAi_pro\scripts\..\public\assets\css\unified-background-manager.min.css
[2025-06-16 09:01:18] 压缩CSS文件: E:\Code\AlingAi\AlingAi_pro\scripts\..\public\assets\css\unified-background-manager.min.min.css
[2025-06-16 09:01:18] 压缩CSS文件: E:\Code\AlingAi\AlingAi_pro\scripts\..\public\assets\css\unified-background-manager.min.min.min.css
[2025-06-16 09:01:18] 压缩CSS文件: E:\Code\AlingAi\AlingAi_pro\scripts\..\public\assets\css\visualization-dashboard.css
[2025-06-16 09:01:18] 压缩CSS文件: E:\Code\AlingAi\AlingAi_pro\scripts\..\public\assets\css\visualization-dashboard.min.css
[2025-06-16 09:01:18] 压缩CSS文件: E:\Code\AlingAi\AlingAi_pro\scripts\..\public\assets\css\visualization-dashboard.min.min.css
[2025-06-16 09:01:18] 压缩CSS文件: E:\Code\AlingAi\AlingAi_pro\scripts\..\public\assets\css\visualization-dashboard.min.min.min.css
[2025-06-16 09:01:18] 压缩JavaScript文件: E:\Code\AlingAi\AlingAi_pro\scripts\..\public\assets\js\accessibility.js
[2025-06-16 09:01:18] 压缩JavaScript文件: E:\Code\AlingAi\AlingAi_pro\scripts\..\public\assets\js\accessibility.min.js
[2025-06-16 09:01:18] 压缩JavaScript文件: E:\Code\AlingAi\AlingAi_pro\scripts\..\public\assets\js\advanced-debug-console.js
[2025-06-16 09:01:18] 压缩JavaScript文件: E:\Code\AlingAi\AlingAi_pro\scripts\..\public\assets\js\advanced-ui-components.js
[2025-06-16 09:01:18] 压缩JavaScript文件: E:\Code\AlingAi\AlingAi_pro\scripts\..\public\assets\js\advanced-ui-components.min.js
[2025-06-16 09:01:18] 压缩JavaScript文件: E:\Code\AlingAi\AlingAi_pro\scripts\..\public\assets\js\animation-performance-monitor.js
[2025-06-16 09:01:18] 压缩JavaScript文件: E:\Code\AlingAi\AlingAi_pro\scripts\..\public\assets\js\api-integration.js
[2025-06-16 09:01:18] 压缩JavaScript文件: E:\Code\AlingAi\AlingAi_pro\scripts\..\public\assets\js\api-integration.min.js
[2025-06-16 09:01:18] 压缩JavaScript文件: E:\Code\AlingAi\AlingAi_pro\scripts\..\public\assets\js\api-management.js
[2025-06-16 09:01:18] 压缩JavaScript文件: E:\Code\AlingAi\AlingAi_pro\scripts\..\public\assets\js\api-management.min.js
[2025-06-16 09:01:18] 压缩JavaScript文件: E:\Code\AlingAi\AlingAi_pro\scripts\..\public\assets\js\api-manager.js
[2025-06-16 09:01:18] 压缩JavaScript文件: E:\Code\AlingAi\AlingAi_pro\scripts\..\public\assets\js\api-manager.min.js
[2025-06-16 09:01:18] 压缩JavaScript文件: E:\Code\AlingAi\AlingAi_pro\scripts\..\public\assets\js\apiConfig.js
[2025-06-16 09:01:18] 压缩JavaScript文件: E:\Code\AlingAi\AlingAi_pro\scripts\..\public\assets\js\apiConfig.min.js
[2025-06-16 09:01:18] 压缩JavaScript文件: E:\Code\AlingAi\AlingAi_pro\scripts\..\public\assets\js\app.js
[2025-06-16 09:01:18] 压缩JavaScript文件: E:\Code\AlingAi\AlingAi_pro\scripts\..\public\assets\js\audio-enhancement.js
[2025-06-16 09:01:18] 压缩JavaScript文件: E:\Code\AlingAi\AlingAi_pro\scripts\..\public\assets\js\auth.js
[2025-06-16 09:01:18] 压缩JavaScript文件: E:\Code\AlingAi\AlingAi_pro\scripts\..\public\assets\js\auth.min.js
[2025-06-16 09:01:18] 压缩JavaScript文件: E:\Code\AlingAi\AlingAi_pro\scripts\..\public\assets\js\auth_new.js
[2025-06-16 09:01:18] 压缩JavaScript文件: E:\Code\AlingAi\AlingAi_pro\scripts\..\public\assets\js\bootstrap.bundle.min.js
[2025-06-16 09:01:18] 压缩JavaScript文件: E:\Code\AlingAi\AlingAi_pro\scripts\..\public\assets\js\bootstrap.bundle.min.min.js
[2025-06-16 09:01:18] 压缩JavaScript文件: E:\Code\AlingAi\AlingAi_pro\scripts\..\public\assets\js\browser-functionality-test.js
[2025-06-16 09:01:18] 压缩JavaScript文件: E:\Code\AlingAi\AlingAi_pro\scripts\..\public\assets\js\browser-functionality-test.min.js
[2025-06-16 09:01:18] 压缩JavaScript文件: E:\Code\AlingAi\AlingAi_pro\scripts\..\public\assets\js\browser-test.js
[2025-06-16 09:01:18] 压缩JavaScript文件: E:\Code\AlingAi\AlingAi_pro\scripts\..\public\assets\js\browser-test.min.js
[2025-06-16 09:01:18] 压缩JavaScript文件: E:\Code\AlingAi\AlingAi_pro\scripts\..\public\assets\js\chat-button-integrator.js
[2025-06-16 09:01:18] 压缩JavaScript文件: E:\Code\AlingAi\AlingAi_pro\scripts\..\public\assets\js\chat-core-classes.js
[2025-06-16 09:01:18] 压缩JavaScript文件: E:\Code\AlingAi\AlingAi_pro\scripts\..\public\assets\js\chat-core-classes.min.js
[2025-06-16 09:01:18] 压缩JavaScript文件: E:\Code\AlingAi\AlingAi_pro\scripts\..\public\assets\js\chat-system.js
[2025-06-16 09:01:18] 压缩JavaScript文件: E:\Code\AlingAi\AlingAi_pro\scripts\..\public\assets\js\chat-system.min.js
[2025-06-16 09:01:18] 压缩JavaScript文件: E:\Code\AlingAi\AlingAi_pro\scripts\..\public\assets\js\chat-test.js
[2025-06-16 09:01:18] 压缩JavaScript文件: E:\Code\AlingAi\AlingAi_pro\scripts\..\public\assets\js\chat-test.min.js
[2025-06-16 09:01:18] 压缩JavaScript文件: E:\Code\AlingAi\AlingAi_pro\scripts\..\public\assets\js\chat-verification-checker.js
[2025-06-16 09:01:18] 压缩JavaScript文件: E:\Code\AlingAi\AlingAi_pro\scripts\..\public\assets\js\chat-verification-checker.min.js
[2025-06-16 09:01:18] 压缩JavaScript文件: E:\Code\AlingAi\AlingAi_pro\scripts\..\public\assets\js\chat-widget.js
[2025-06-16 09:01:18] 压缩JavaScript文件: E:\Code\AlingAi\AlingAi_pro\scripts\..\public\assets\js\chat-widget.min.js
[2025-06-16 09:01:18] 压缩JavaScript文件: E:\Code\AlingAi\AlingAi_pro\scripts\..\public\assets\js\combined.min.js
[2025-06-16 09:01:18] 压缩JavaScript文件: E:\Code\AlingAi\AlingAi_pro\scripts\..\public\assets\js\complete-system-validator.js
[2025-06-16 09:01:18] 压缩JavaScript文件: E:\Code\AlingAi\AlingAi_pro\scripts\..\public\assets\js\comprehensive-integration-test.js
[2025-06-16 09:01:18] 压缩JavaScript文件: E:\Code\AlingAi\AlingAi_pro\scripts\..\public\assets\js\comprehensive-integration-test.min.js
[2025-06-16 09:01:18] 压缩JavaScript文件: E:\Code\AlingAi\AlingAi_pro\scripts\..\public\assets\js\comprehensive-test.js
[2025-06-16 09:01:18] 压缩JavaScript文件: E:\Code\AlingAi\AlingAi_pro\scripts\..\public\assets\js\comprehensive-test.min.js
[2025-06-16 09:01:18] 压缩JavaScript文件: E:\Code\AlingAi\AlingAi_pro\scripts\..\public\assets\js\comprehensive-testing-system.js
[2025-06-16 09:01:18] 压缩JavaScript文件: E:\Code\AlingAi\AlingAi_pro\scripts\..\public\assets\js\comprehensive-testing-system.min.js
[2025-06-16 09:01:18] 压缩JavaScript文件: E:\Code\AlingAi\AlingAi_pro\scripts\..\public\assets\js\comprehensive-verification.js
[2025-06-16 09:01:18] 压缩JavaScript文件: E:\Code\AlingAi\AlingAi_pro\scripts\..\public\assets\js\comprehensive-verification.min.js
[2025-06-16 09:01:18] 压缩JavaScript文件: E:\Code\AlingAi\AlingAi_pro\scripts\..\public\assets\js\config.js
[2025-06-16 09:01:18] 压缩JavaScript文件: E:\Code\AlingAi\AlingAi_pro\scripts\..\public\assets\js\cpp-animation-enhanced.js
[2025-06-16 09:01:18] 压缩JavaScript文件: E:\Code\AlingAi\AlingAi_pro\scripts\..\public\assets\js\cpp-animation-verification.js
[2025-06-16 09:01:18] 压缩JavaScript文件: E:\Code\AlingAi\AlingAi_pro\scripts\..\public\assets\js\cpp-animation.js
[2025-06-16 09:01:18] 压缩JavaScript文件: E:\Code\AlingAi\AlingAi_pro\scripts\..\public\assets\js\dashboard-integration.js
[2025-06-16 09:01:18] 压缩JavaScript文件: E:\Code\AlingAi\AlingAi_pro\scripts\..\public\assets\js\dashboard-integration.min.js
[2025-06-16 09:01:18] 压缩JavaScript文件: E:\Code\AlingAi\AlingAi_pro\scripts\..\public\assets\js\data-visualization.js
[2025-06-16 09:01:18] 压缩JavaScript文件: E:\Code\AlingAi\AlingAi_pro\scripts\..\public\assets\js\deep-diagnostics.js
[2025-06-16 09:01:18] 压缩JavaScript文件: E:\Code\AlingAi\AlingAi_pro\scripts\..\public\assets\js\deep-diagnostics.min.js
[2025-06-16 09:01:18] 压缩JavaScript文件: E:\Code\AlingAi\AlingAi_pro\scripts\..\public\assets\js\detection-system-demo.js
[2025-06-16 09:01:18] 压缩JavaScript文件: E:\Code\AlingAi\AlingAi_pro\scripts\..\public\assets\js\detection-system-demo.min.js
[2025-06-16 09:01:18] 压缩JavaScript文件: E:\Code\AlingAi\AlingAi_pro\scripts\..\public\assets\js\detection-system-validator.js
[2025-06-16 09:01:18] 压缩JavaScript文件: E:\Code\AlingAi\AlingAi_pro\scripts\..\public\assets\js\detection-system-validator.min.js
[2025-06-16 09:01:18] 压缩JavaScript文件: E:\Code\AlingAi\AlingAi_pro\scripts\..\public\assets\js\diagnostics-export-manager.js
[2025-06-16 09:01:18] 压缩JavaScript文件: E:\Code\AlingAi\AlingAi_pro\scripts\..\public\assets\js\e2e-test.js
[2025-06-16 09:01:18] 压缩JavaScript文件: E:\Code\AlingAi\AlingAi_pro\scripts\..\public\assets\js\e2e-test.min.js
[2025-06-16 09:01:18] 压缩JavaScript文件: E:\Code\AlingAi\AlingAi_pro\scripts\..\public\assets\js\enhanced-admin-testing-system.js
[2025-06-16 09:01:18] 压缩JavaScript文件: E:\Code\AlingAi\AlingAi_pro\scripts\..\public\assets\js\enhanced-detection-demo.js
[2025-06-16 09:01:18] 压缩JavaScript文件: E:\Code\AlingAi\AlingAi_pro\scripts\..\public\assets\js\enhanced-detection-demo.min.js
[2025-06-16 09:01:18] 压缩JavaScript文件: E:\Code\AlingAi\AlingAi_pro\scripts\..\public\assets\js\enhanced-ui-manager.js
[2025-06-16 09:01:18] 压缩JavaScript文件: E:\Code\AlingAi\AlingAi_pro\scripts\..\public\assets\js\environment-checker.js
[2025-06-16 09:01:18] 压缩JavaScript文件: E:\Code\AlingAi\AlingAi_pro\scripts\..\public\assets\js\environment-checker.min.js
[2025-06-16 09:01:18] 压缩JavaScript文件: E:\Code\AlingAi\AlingAi_pro\scripts\..\public\assets\js\final-browser-validation.js
[2025-06-16 09:01:18] 压缩JavaScript文件: E:\Code\AlingAi\AlingAi_pro\scripts\..\public\assets\js\final-browser-validation.min.js
[2025-06-16 09:01:18] 压缩JavaScript文件: E:\Code\AlingAi\AlingAi_pro\scripts\..\public\assets\js\final-integration-test.js
[2025-06-16 09:01:18] 压缩JavaScript文件: E:\Code\AlingAi\AlingAi_pro\scripts\..\public\assets\js\final-system-status-check.js
[2025-06-16 09:01:18] 压缩JavaScript文件: E:\Code\AlingAi\AlingAi_pro\scripts\..\public\assets\js\final-user-interaction-test.js
[2025-06-16 09:01:18] 压缩JavaScript文件: E:\Code\AlingAi\AlingAi_pro\scripts\..\public\assets\js\final-user-interaction-test.min.js
[2025-06-16 09:01:18] 压缩JavaScript文件: E:\Code\AlingAi\AlingAi_pro\scripts\..\public\assets\js\final-validation.js
[2025-06-16 09:01:18] 压缩JavaScript文件: E:\Code\AlingAi\AlingAi_pro\scripts\..\public\assets\js\final-validation.min.js
[2025-06-16 09:01:18] 压缩JavaScript文件: E:\Code\AlingAi\AlingAi_pro\scripts\..\public\assets\js\final-verification-2.js
[2025-06-16 09:01:18] 压缩JavaScript文件: E:\Code\AlingAi\AlingAi_pro\scripts\..\public\assets\js\final-verification-2.min.js
[2025-06-16 09:01:18] 压缩JavaScript文件: E:\Code\AlingAi\AlingAi_pro\scripts\..\public\assets\js\final-verification.js
[2025-06-16 09:01:18] 压缩JavaScript文件: E:\Code\AlingAi\AlingAi_pro\scripts\..\public\assets\js\final-verification.min.js
[2025-06-16 09:01:18] 压缩JavaScript文件: E:\Code\AlingAi\AlingAi_pro\scripts\..\public\assets\js\fix-verification.js
[2025-06-16 09:01:18] 压缩JavaScript文件: E:\Code\AlingAi\AlingAi_pro\scripts\..\public\assets\js\floating-buttons-deployment-manager.js
[2025-06-16 09:01:18] 压缩JavaScript文件: E:\Code\AlingAi\AlingAi_pro\scripts\..\public\assets\js\floating-buttons-diagnostic.js
[2025-06-16 09:01:18] 压缩JavaScript文件: E:\Code\AlingAi\AlingAi_pro\scripts\..\public\assets\js\floating-buttons-manager.js
[2025-06-16 09:01:18] 压缩JavaScript文件: E:\Code\AlingAi\AlingAi_pro\scripts\..\public\assets\js\floating-buttons-test-runner.js
[2025-06-16 09:01:18] 压缩JavaScript文件: E:\Code\AlingAi\AlingAi_pro\scripts\..\public\assets\js\form-validation.js
[2025-06-16 09:01:18] 压缩JavaScript文件: E:\Code\AlingAi\AlingAi_pro\scripts\..\public\assets\js\form-validation.min.js
[2025-06-16 09:01:18] 压缩JavaScript文件: E:\Code\AlingAi\AlingAi_pro\scripts\..\public\assets\js\frontend-enhancements.js
[2025-06-16 09:01:18] 压缩JavaScript文件: E:\Code\AlingAi\AlingAi_pro\scripts\..\public\assets\js\frontend-enhancements.min.js
[2025-06-16 09:01:18] 压缩JavaScript文件: E:\Code\AlingAi\AlingAi_pro\scripts\..\public\assets\js\frontend-fixes.js
[2025-06-16 09:01:18] 压缩JavaScript文件: E:\Code\AlingAi\AlingAi_pro\scripts\..\public\assets\js\frontend-resource-manager.js
[2025-06-16 09:01:18] 压缩JavaScript文件: E:\Code\AlingAi\AlingAi_pro\scripts\..\public\assets\js\frontend-validation.js
[2025-06-16 09:01:18] 压缩JavaScript文件: E:\Code\AlingAi\AlingAi_pro\scripts\..\public\assets\js\functionality-demonstrator.js
[2025-06-16 09:01:18] 压缩JavaScript文件: E:\Code\AlingAi\AlingAi_pro\scripts\..\public\assets\js\functionality-test.js
[2025-06-16 09:01:18] 压缩JavaScript文件: E:\Code\AlingAi\AlingAi_pro\scripts\..\public\assets\js\gesture-interaction.js
[2025-06-16 09:01:18] 压缩JavaScript文件: E:\Code\AlingAi\AlingAi_pro\scripts\..\public\assets\js\globe.js
[2025-06-16 09:01:18] 压缩JavaScript文件: E:\Code\AlingAi\AlingAi_pro\scripts\..\public\assets\js\highlight.min.js
[2025-06-16 09:01:18] 压缩JavaScript文件: E:\Code\AlingAi\AlingAi_pro\scripts\..\public\assets\js\highlight.min.min.js
[2025-06-16 09:01:18] 压缩JavaScript文件: E:\Code\AlingAi\AlingAi_pro\scripts\..\public\assets\js\historyUtils.js
[2025-06-16 09:01:18] 压缩JavaScript文件: E:\Code\AlingAi\AlingAi_pro\scripts\..\public\assets\js\historyUtils.min.js
[2025-06-16 09:01:18] 压缩JavaScript文件: E:\Code\AlingAi\AlingAi_pro\scripts\..\public\assets\js\homepage-ai-chat.js
[2025-06-16 09:01:18] 压缩JavaScript文件: E:\Code\AlingAi\AlingAi_pro\scripts\..\public\assets\js\homepage-fixes.js
[2025-06-16 09:01:18] 压缩JavaScript文件: E:\Code\AlingAi\AlingAi_pro\scripts\..\public\assets\js\integrated-detection-core.js
[2025-06-16 09:01:18] 压缩JavaScript文件: E:\Code\AlingAi\AlingAi_pro\scripts\..\public\assets\js\integrated-detection-core.min.js
[2025-06-16 09:01:18] 压缩JavaScript文件: E:\Code\AlingAi\AlingAi_pro\scripts\..\public\assets\js\integrated-system-validator.js
[2025-06-16 09:01:18] 压缩JavaScript文件: E:\Code\AlingAi\AlingAi_pro\scripts\..\public\assets\js\integrated-system-validator.min.js
[2025-06-16 09:01:18] 压缩JavaScript文件: E:\Code\AlingAi\AlingAi_pro\scripts\..\public\assets\js\intelligent-alert-system.js
[2025-06-16 09:01:18] 压缩JavaScript文件: E:\Code\AlingAi\AlingAi_pro\scripts\..\public\assets\js\intelligent-alert-system.min.js
[2025-06-16 09:01:18] 压缩JavaScript文件: E:\Code\AlingAi\AlingAi_pro\scripts\..\public\assets\js\intelligent-error-recovery.js
[2025-06-16 09:01:18] 压缩JavaScript文件: E:\Code\AlingAi\AlingAi_pro\scripts\..\public\assets\js\lazy-loader.min.js
[2025-06-16 09:01:18] 压缩JavaScript文件: E:\Code\AlingAi\AlingAi_pro\scripts\..\public\assets\js\main-fixed.js
[2025-06-16 09:01:18] 压缩JavaScript文件: E:\Code\AlingAi\AlingAi_pro\scripts\..\public\assets\js\main-fixed.min.js
[2025-06-16 09:01:18] 压缩JavaScript文件: E:\Code\AlingAi\AlingAi_pro\scripts\..\public\assets\js\main.js
[2025-06-16 09:01:18] 压缩JavaScript文件: E:\Code\AlingAi\AlingAi_pro\scripts\..\public\assets\js\main.min.js
[2025-06-16 09:01:18] 压缩JavaScript文件: E:\Code\AlingAi\AlingAi_pro\scripts\..\public\assets\js\marked.min.js
[2025-06-16 09:01:18] 压缩JavaScript文件: E:\Code\AlingAi\AlingAi_pro\scripts\..\public\assets\js\marked.min.min.js
[2025-06-16 09:01:18] 压缩JavaScript文件: E:\Code\AlingAi\AlingAi_pro\scripts\..\public\assets\js\media-processing-system.js
[2025-06-16 09:01:18] 压缩JavaScript文件: E:\Code\AlingAi\AlingAi_pro\scripts\..\public\assets\js\media-processing-system.min.js
[2025-06-16 09:01:18] 压缩JavaScript文件: E:\Code\AlingAi\AlingAi_pro\scripts\..\public\assets\js\message-functionality-test.js
[2025-06-16 09:01:18] 压缩JavaScript文件: E:\Code\AlingAi\AlingAi_pro\scripts\..\public\assets\js\message-functionality-test.min.js
[2025-06-16 09:01:18] 压缩JavaScript文件: E:\Code\AlingAi\AlingAi_pro\scripts\..\public\assets\js\minimalist-background.js
[2025-06-16 09:01:18] 压缩JavaScript文件: E:\Code\AlingAi\AlingAi_pro\scripts\..\public\assets\js\minimalist-background.min.js
[2025-06-16 09:01:18] 压缩JavaScript文件: E:\Code\AlingAi\AlingAi_pro\scripts\..\public\assets\js\multi-auth-system.js
[2025-06-16 09:01:18] 压缩JavaScript文件: E:\Code\AlingAi\AlingAi_pro\scripts\..\public\assets\js\notification-system.js
[2025-06-16 09:01:18] 压缩JavaScript文件: E:\Code\AlingAi\AlingAi_pro\scripts\..\public\assets\js\notification-system.min.js
[2025-06-16 09:01:18] 压缩JavaScript文件: E:\Code\AlingAi\AlingAi_pro\scripts\..\public\assets\js\notifications.js
[2025-06-16 09:01:18] 压缩JavaScript文件: E:\Code\AlingAi\AlingAi_pro\scripts\..\public\assets\js\notifications.min.js
[2025-06-16 09:01:18] 压缩JavaScript文件: E:\Code\AlingAi\AlingAi_pro\scripts\..\public\assets\js\page-enhancements.js
[2025-06-16 09:01:18] 压缩JavaScript文件: E:\Code\AlingAi\AlingAi_pro\scripts\..\public\assets\js\page-enhancements.min.js
[2025-06-16 09:01:18] 压缩JavaScript文件: E:\Code\AlingAi\AlingAi_pro\scripts\..\public\assets\js\problem-fixer.js
[2025-06-16 09:01:18] 压缩JavaScript文件: E:\Code\AlingAi\AlingAi_pro\scripts\..\public\assets\js\problem-fixer.min.js
[2025-06-16 09:01:18] 压缩JavaScript文件: E:\Code\AlingAi\AlingAi_pro\scripts\..\public\assets\js\quantum-ball-detection.js
[2025-06-16 09:01:18] 压缩JavaScript文件: E:\Code\AlingAi\AlingAi_pro\scripts\..\public\assets\js\quantum-ball-detection.min.js
[2025-06-16 09:01:18] 压缩JavaScript文件: E:\Code\AlingAi\AlingAi_pro\scripts\..\public\assets\js\quantum-chat-integrator.js
[2025-06-16 09:01:18] 压缩JavaScript文件: E:\Code\AlingAi\AlingAi_pro\scripts\..\public\assets\js\quantum-chat-integrator.min.js
[2025-06-16 09:01:18] 压缩JavaScript文件: E:\Code\AlingAi\AlingAi_pro\scripts\..\public\assets\js\quantum-demo.js
[2025-06-16 09:01:18] 压缩JavaScript文件: E:\Code\AlingAi\AlingAi_pro\scripts\..\public\assets\js\quantum-demo.min.js
[2025-06-16 09:01:18] 压缩JavaScript文件: E:\Code\AlingAi\AlingAi_pro\scripts\..\public\assets\js\quantum-particles.js
[2025-06-16 09:01:18] 压缩JavaScript文件: E:\Code\AlingAi\AlingAi_pro\scripts\..\public\assets\js\quantum-particles.min.js
[2025-06-16 09:01:18] 压缩JavaScript文件: E:\Code\AlingAi\AlingAi_pro\scripts\..\public\assets\js\quick-test.js
[2025-06-16 09:01:18] 压缩JavaScript文件: E:\Code\AlingAi\AlingAi_pro\scripts\..\public\assets\js\quick-test.min.js
[2025-06-16 09:01:18] 压缩JavaScript文件: E:\Code\AlingAi\AlingAi_pro\scripts\..\public\assets\js\real-time-security-dashboard.js
[2025-06-16 09:01:18] 压缩JavaScript文件: E:\Code\AlingAi\AlingAi_pro\scripts\..\public\assets\js\realtime-monitor.js
[2025-06-16 09:01:18] 压缩JavaScript文件: E:\Code\AlingAi\AlingAi_pro\scripts\..\public\assets\js\realtime-monitor.min.js
[2025-06-16 09:01:18] 压缩JavaScript文件: E:\Code\AlingAi\AlingAi_pro\scripts\..\public\assets\js\realtime-performance-dashboard.js
[2025-06-16 09:01:18] 压缩JavaScript文件: E:\Code\AlingAi\AlingAi_pro\scripts\..\public\assets\js\sdk-download.js
[2025-06-16 09:01:18] 压缩JavaScript文件: E:\Code\AlingAi\AlingAi_pro\scripts\..\public\assets\js\search-filter-system.js
[2025-06-16 09:01:18] 压缩JavaScript文件: E:\Code\AlingAi\AlingAi_pro\scripts\..\public\assets\js\search-filter-system.min.js
[2025-06-16 09:01:18] 压缩JavaScript文件: E:\Code\AlingAi\AlingAi_pro\scripts\..\public\assets\js\simplified-tech-background.js
[2025-06-16 09:01:18] 压缩JavaScript文件: E:\Code\AlingAi\AlingAi_pro\scripts\..\public\assets\js\simplified-tech-background.min.js
[2025-06-16 09:01:19] 压缩JavaScript文件: E:\Code\AlingAi\AlingAi_pro\scripts\..\public\assets\js\social-customization.js
[2025-06-16 09:01:19] 压缩JavaScript文件: E:\Code\AlingAi\AlingAi_pro\scripts\..\public\assets\js\system-error-handler.js
[2025-06-16 09:01:19] 压缩JavaScript文件: E:\Code\AlingAi\AlingAi_pro\scripts\..\public\assets\js\system-error-handler.min.js
[2025-06-16 09:01:19] 压缩JavaScript文件: E:\Code\AlingAi\AlingAi_pro\scripts\..\public\assets\js\system-health-checker.js
[2025-06-16 09:01:19] 压缩JavaScript文件: E:\Code\AlingAi\AlingAi_pro\scripts\..\public\assets\js\system-health-checker.min.js
[2025-06-16 09:01:19] 压缩JavaScript文件: E:\Code\AlingAi\AlingAi_pro\scripts\..\public\assets\js\system-integration-manager.js
[2025-06-16 09:01:19] 压缩JavaScript文件: E:\Code\AlingAi\AlingAi_pro\scripts\..\public\assets\js\team-collaboration.js
[2025-06-16 09:01:19] 压缩JavaScript文件: E:\Code\AlingAi\AlingAi_pro\scripts\..\public\assets\js\team-collaboration.min.js
[2025-06-16 09:01:19] 压缩JavaScript文件: E:\Code\AlingAi\AlingAi_pro\scripts\..\public\assets\js\theme-system.js
[2025-06-16 09:01:19] 压缩JavaScript文件: E:\Code\AlingAi\AlingAi_pro\scripts\..\public\assets\js\theme-system.min.js
[2025-06-16 09:01:19] 压缩JavaScript文件: E:\Code\AlingAi\AlingAi_pro\scripts\..\public\assets\js\ui-components.js
[2025-06-16 09:01:19] 压缩JavaScript文件: E:\Code\AlingAi\AlingAi_pro\scripts\..\public\assets\js\ui-components.min.js
[2025-06-16 09:01:19] 压缩JavaScript文件: E:\Code\AlingAi\AlingAi_pro\scripts\..\public\assets\js\ui.js
[2025-06-16 09:01:19] 压缩JavaScript文件: E:\Code\AlingAi\AlingAi_pro\scripts\..\public\assets\js\ui.min.js
[2025-06-16 09:01:19] 压缩JavaScript文件: E:\Code\AlingAi\AlingAi_pro\scripts\..\public\assets\js\ultimate-performance-validator.js
[2025-06-16 09:01:19] 压缩JavaScript文件: E:\Code\AlingAi\AlingAi_pro\scripts\..\public\assets\js\unified-background-manager.js
[2025-06-16 09:01:19] 压缩JavaScript文件: E:\Code\AlingAi\AlingAi_pro\scripts\..\public\assets\js\unified-background-manager.min.js
[2025-06-16 09:01:19] 压缩JavaScript文件: E:\Code\AlingAi\AlingAi_pro\scripts\..\public\assets\js\utils.js
[2025-06-16 09:01:19] 压缩JavaScript文件: E:\Code\AlingAi\AlingAi_pro\scripts\..\public\assets\js\utils.min.js
[2025-06-16 09:01:19] 压缩JavaScript文件: E:\Code\AlingAi\AlingAi_pro\scripts\..\public\assets\js\ux-validator.js
[2025-06-16 09:01:19] 压缩JavaScript文件: E:\Code\AlingAi\AlingAi_pro\scripts\..\public\assets\js\ux-validator.min.js
[2025-06-16 09:01:19] 压缩JavaScript文件: E:\Code\AlingAi\AlingAi_pro\scripts\..\public\assets\js\visualization-dashboard.js
[2025-06-16 09:01:19] 压缩JavaScript文件: E:\Code\AlingAi\AlingAi_pro\scripts\..\public\assets\js\visualization-dashboard.min.js
[2025-06-16 09:01:19] 压缩JavaScript文件: E:\Code\AlingAi\AlingAi_pro\scripts\..\public\assets\js\voice-utils.js
[2025-06-16 09:01:19] 压缩JavaScript文件: E:\Code\AlingAi\AlingAi_pro\scripts\..\public\assets\js\voice-utils.min.js
[2025-06-16 09:01:19] 压缩JavaScript文件: E:\Code\AlingAi\AlingAi_pro\scripts\..\public\assets\js\website-status-integration.js
[2025-06-16 09:01:19] 压缩JavaScript文件: E:\Code\AlingAi\AlingAi_pro\scripts\..\public\assets\js\website-status-integration.min.js
[2025-06-16 09:01:19] 压缩JavaScript文件: E:\Code\AlingAi\AlingAi_pro\scripts\..\public\assets\js\websocket-client.js
[2025-06-16 09:01:19] 压缩JavaScript文件: E:\Code\AlingAi\AlingAi_pro\scripts\..\public\assets\js\websocket-client.min.js
[2025-06-16 09:01:19] 压缩JavaScript文件: E:\Code\AlingAi\AlingAi_pro\scripts\..\public\assets\js\zero-trust-auth.js
[2025-06-16 09:05:58] 优化HTML文件: E:\Code\AlingAi\AlingAi_pro\scripts\..\public\access_portal.html
[2025-06-16 09:05:58] 优化HTML文件: E:\Code\AlingAi\AlingAi_pro\scripts\..\public\ai-assistant.html
[2025-06-16 09:05:58] 优化HTML文件: E:\Code\AlingAi\AlingAi_pro\scripts\..\public\animation-debug.html
[2025-06-16 09:05:58] 优化HTML文件: E:\Code\AlingAi\AlingAi_pro\scripts\..\public\api-docs.html
[2025-06-16 09:05:58] 优化HTML文件: E:\Code\AlingAi\AlingAi_pro\scripts\..\public\api-test.html
[2025-06-16 09:05:58] 优化HTML文件: E:\Code\AlingAi\AlingAi_pro\scripts\..\public\chat-enhanced.html
[2025-06-16 09:05:58] 优化HTML文件: E:\Code\AlingAi\AlingAi_pro\scripts\..\public\chat-new.html
[2025-06-16 09:05:58] 优化HTML文件: E:\Code\AlingAi\AlingAi_pro\scripts\..\public\chat.html
[2025-06-16 09:05:58] 优化HTML文件: E:\Code\AlingAi\AlingAi_pro\scripts\..\public\code-examples.html
[2025-06-16 09:05:58] 优化HTML文件: E:\Code\AlingAi\AlingAi_pro\scripts\..\public\comprehensive-test.html
[2025-06-16 09:05:58] 优化HTML文件: E:\Code\AlingAi\AlingAi_pro\scripts\..\public\contact.html
[2025-06-16 09:05:58] 优化HTML文件: E:\Code\AlingAi\AlingAi_pro\scripts\..\public\cpp-animation-completion.html
[2025-06-16 09:05:58] 优化HTML文件: E:\Code\AlingAi\AlingAi_pro\scripts\..\public\cpp-animation-test.html
[2025-06-16 09:05:58] 优化HTML文件: E:\Code\AlingAi\AlingAi_pro\scripts\..\public\dashboard-enhanced.html
[2025-06-16 09:05:58] 优化HTML文件: E:\Code\AlingAi\AlingAi_pro\scripts\..\public\dashboard-new.html
[2025-06-16 09:05:58] 优化HTML文件: E:\Code\AlingAi\AlingAi_pro\scripts\..\public\dashboard.html
[2025-06-16 09:05:58] 优化HTML文件: E:\Code\AlingAi\AlingAi_pro\scripts\..\public\database-manager.html
[2025-06-16 09:05:58] 优化HTML文件: E:\Code\AlingAi\AlingAi_pro\scripts\..\public\debug-frontend.html
[2025-06-16 09:05:58] 优化HTML文件: E:\Code\AlingAi\AlingAi_pro\scripts\..\public\docs-center.html
[2025-06-16 09:05:58] 优化HTML文件: E:\Code\AlingAi\AlingAi_pro\scripts\..\public\ecosystem.html
[2025-06-16 09:05:58] 优化HTML文件: E:\Code\AlingAi\AlingAi_pro\scripts\..\public\floating-buttons-test.html
[2025-06-16 09:05:58] 优化HTML文件: E:\Code\AlingAi\AlingAi_pro\scripts\..\public\forgot-password.html
[2025-06-16 09:05:58] 优化HTML文件: E:\Code\AlingAi\AlingAi_pro\scripts\..\public\frontend_api_test.html
[2025-06-16 09:05:58] 优化HTML文件: E:\Code\AlingAi\AlingAi_pro\scripts\..\public\help-center.html
[2025-06-16 09:05:58] 优化HTML文件: E:\Code\AlingAi\AlingAi_pro\scripts\..\public\home.html
[2025-06-16 09:05:58] 优化HTML文件: E:\Code\AlingAi\AlingAi_pro\scripts\..\public\homepage.html
[2025-06-16 09:05:58] 优化HTML文件: E:\Code\AlingAi\AlingAi_pro\scripts\..\public\homepage_temp.html
[2025-06-16 09:05:58] 优化HTML文件: E:\Code\AlingAi\AlingAi_pro\scripts\..\public\index-enhanced.html
[2025-06-16 09:05:58] 优化HTML文件: E:\Code\AlingAi\AlingAi_pro\scripts\..\public\index-unified.html
[2025-06-16 09:05:58] 优化HTML文件: E:\Code\AlingAi\AlingAi_pro\scripts\..\public\index.html
[2025-06-16 09:05:58] 优化HTML文件: E:\Code\AlingAi\AlingAi_pro\scripts\..\public\index_new.html
[2025-06-16 09:05:58] 优化HTML文件: E:\Code\AlingAi\AlingAi_pro\scripts\..\public\install-wizard.html
[2025-06-16 09:05:58] 优化HTML文件: E:\Code\AlingAi\AlingAi_pro\scripts\..\public\login-enhanced.html
[2025-06-16 09:05:58] 优化HTML文件: E:\Code\AlingAi\AlingAi_pro\scripts\..\public\login-new.html
[2025-06-16 09:05:58] 优化HTML文件: E:\Code\AlingAi\AlingAi_pro\scripts\..\public\login.html
[2025-06-16 09:05:58] 优化HTML文件: E:\Code\AlingAi\AlingAi_pro\scripts\..\public\navigation-sync.html
[2025-06-16 09:05:58] 优化HTML文件: E:\Code\AlingAi\AlingAi_pro\scripts\..\public\partner-portal.html
[2025-06-16 09:05:58] 优化HTML文件: E:\Code\AlingAi\AlingAi_pro\scripts\..\public\partners.html
[2025-06-16 09:05:58] 优化HTML文件: E:\Code\AlingAi\AlingAi_pro\scripts\..\public\partnership.html
[2025-06-16 09:05:58] 优化HTML文件: E:\Code\AlingAi\AlingAi_pro\scripts\..\public\platform.html
[2025-06-16 09:05:58] 优化HTML文件: E:\Code\AlingAi\AlingAi_pro\scripts\..\public\portal.html
[2025-06-16 09:05:58] 优化HTML文件: E:\Code\AlingAi\AlingAi_pro\scripts\..\public\privacy.html
[2025-06-16 09:05:58] 优化HTML文件: E:\Code\AlingAi\AlingAi_pro\scripts\..\public\profile-enhanced.html
[2025-06-16 09:05:58] 优化HTML文件: E:\Code\AlingAi\AlingAi_pro\scripts\..\public\profile-new.html
[2025-06-16 09:05:58] 优化HTML文件: E:\Code\AlingAi\AlingAi_pro\scripts\..\public\profile.html
[2025-06-16 09:05:58] 优化HTML文件: E:\Code\AlingAi\AlingAi_pro\scripts\..\public\quantum-demo.html
[2025-06-16 09:05:58] 优化HTML文件: E:\Code\AlingAi\AlingAi_pro\scripts\..\public\quantum-security.html
[2025-06-16 09:05:58] 优化HTML文件: E:\Code\AlingAi\AlingAi_pro\scripts\..\public\register-enhanced.html
[2025-06-16 09:05:58] 优化HTML文件: E:\Code\AlingAi\AlingAi_pro\scripts\..\public\register-new.html
[2025-06-16 09:05:58] 优化HTML文件: E:\Code\AlingAi\AlingAi_pro\scripts\..\public\register.html
[2025-06-16 09:05:58] 优化HTML文件: E:\Code\AlingAi\AlingAi_pro\scripts\..\public\sdk-download.html
[2025-06-16 09:05:58] 优化HTML文件: E:\Code\AlingAi\AlingAi_pro\scripts\..\public\security-dashboard-demo.html
[2025-06-16 09:05:58] 优化HTML文件: E:\Code\AlingAi\AlingAi_pro\scripts\..\public\security-dashboard.html
[2025-06-16 09:05:58] 优化HTML文件: E:\Code\AlingAi\AlingAi_pro\scripts\..\public\sitemap.html
[2025-06-16 09:05:58] 优化HTML文件: E:\Code\AlingAi\AlingAi_pro\scripts\..\public\system-monitor.html
[2025-06-16 09:05:58] 优化HTML文件: E:\Code\AlingAi\AlingAi_pro\scripts\..\public\system-optimization.html
[2025-06-16 09:05:58] 优化HTML文件: E:\Code\AlingAi\AlingAi_pro\scripts\..\public\system-test-console.html
[2025-06-16 09:05:58] 优化HTML文件: E:\Code\AlingAi\AlingAi_pro\scripts\..\public\system_status.html
[2025-06-16 09:05:58] 优化HTML文件: E:\Code\AlingAi\AlingAi_pro\scripts\..\public\system_test.html
[2025-06-16 09:05:58] 优化HTML文件: E:\Code\AlingAi\AlingAi_pro\scripts\..\public\system_test_complete.html
[2025-06-16 09:05:58] 优化HTML文件: E:\Code\AlingAi\AlingAi_pro\scripts\..\public\tech-support.html
[2025-06-16 09:05:58] 优化HTML文件: E:\Code\AlingAi\AlingAi_pro\scripts\..\public\terms.html
[2025-06-16 09:05:58] 优化HTML文件: E:\Code\AlingAi\AlingAi_pro\scripts\..\public\test-database-integration.html
[2025-06-16 09:05:58] 优化HTML文件: E:\Code\AlingAi\AlingAi_pro\scripts\..\public\test-enhanced-features.html
[2025-06-16 09:05:58] 优化HTML文件: E:\Code\AlingAi\AlingAi_pro\scripts\..\public\test-fixes.html
[2025-06-16 09:05:58] 优化HTML文件: E:\Code\AlingAi\AlingAi_pro\scripts\..\public\test-login.html
[2025-06-16 09:05:58] 优化HTML文件: E:\Code\AlingAi\AlingAi_pro\scripts\..\public\test-profile-enhanced.html
[2025-06-16 09:05:58] 优化HTML文件: E:\Code\AlingAi\AlingAi_pro\scripts\..\public\test.html
[2025-06-16 09:05:58] 优化HTML文件: E:\Code\AlingAi\AlingAi_pro\scripts\..\public\threat-visualization.html
[2025-06-16 09:05:58] 优化HTML文件: E:\Code\AlingAi\AlingAi_pro\scripts\..\public\tools-index.html
[2025-06-16 09:05:58] 优化HTML文件: E:\Code\AlingAi\AlingAi_pro\scripts\..\public\ui-components-demo.html
[2025-06-16 09:05:58] 优化HTML文件: E:\Code\AlingAi\AlingAi_pro\scripts\..\public\version-timeline.html
[2025-06-16 09:05:58] 优化HTML文件: E:\Code\AlingAi\AlingAi_pro\scripts\..\public\websocket_test.html
[2025-06-16 09:05:58] 优化HTML文件: E:\Code\AlingAi\AlingAi_pro\scripts\..\public\ws_test_simple.html
[2025-06-16 09:05:58] 优化HTML文件: E:\Code\AlingAi\AlingAi_pro\scripts\..\public\zero-trust.html
[2025-06-16 09:05:58] 压缩CSS文件: E:\Code\AlingAi\AlingAi_pro\scripts\..\public\assets\css\advanced-ui-components.css
[2025-06-16 09:05:58] 压缩CSS文件: E:\Code\AlingAi\AlingAi_pro\scripts\..\public\assets\css\advanced-ui-components.min.css
[2025-06-16 09:05:58] 压缩CSS文件: E:\Code\AlingAi\AlingAi_pro\scripts\..\public\assets\css\advanced-ui-components.min.min.css
[2025-06-16 09:05:58] 压缩CSS文件: E:\Code\AlingAi\AlingAi_pro\scripts\..\public\assets\css\advanced-ui-components.min.min.min.css
[2025-06-16 09:05:58] 压缩CSS文件: E:\Code\AlingAi\AlingAi_pro\scripts\..\public\assets\css\chat.css
[2025-06-16 09:05:58] 压缩CSS文件: E:\Code\AlingAi\AlingAi_pro\scripts\..\public\assets\css\chat.min.css
[2025-06-16 09:05:58] 压缩CSS文件: E:\Code\AlingAi\AlingAi_pro\scripts\..\public\assets\css\chat.min.min.css
[2025-06-16 09:05:58] 压缩CSS文件: E:\Code\AlingAi\AlingAi_pro\scripts\..\public\assets\css\chat.min.min.min.css
[2025-06-16 09:05:58] 压缩CSS文件: E:\Code\AlingAi\AlingAi_pro\scripts\..\public\assets\css\cpp-animation.css
[2025-06-16 09:05:58] 压缩CSS文件: E:\Code\AlingAi\AlingAi_pro\scripts\..\public\assets\css\critical.min.css
[2025-06-16 09:05:58] 压缩CSS文件: E:\Code\AlingAi\AlingAi_pro\scripts\..\public\assets\css\dashboard.css
[2025-06-16 09:05:58] 压缩CSS文件: E:\Code\AlingAi\AlingAi_pro\scripts\..\public\assets\css\dashboard.min.css
[2025-06-16 09:05:58] 压缩CSS文件: E:\Code\AlingAi\AlingAi_pro\scripts\..\public\assets\css\dashboard.min.min.css
[2025-06-16 09:05:58] 压缩CSS文件: E:\Code\AlingAi\AlingAi_pro\scripts\..\public\assets\css\dashboard.min.min.min.css
[2025-06-16 09:05:58] 压缩CSS文件: E:\Code\AlingAi\AlingAi_pro\scripts\..\public\assets\css\input-area.css
[2025-06-16 09:05:58] 压缩CSS文件: E:\Code\AlingAi\AlingAi_pro\scripts\..\public\assets\css\input-area.min.css
[2025-06-16 09:05:58] 压缩CSS文件: E:\Code\AlingAi\AlingAi_pro\scripts\..\public\assets\css\input-area.min.min.css
[2025-06-16 09:05:58] 压缩CSS文件: E:\Code\AlingAi\AlingAi_pro\scripts\..\public\assets\css\input-area.min.min.min.css
[2025-06-16 09:05:58] 压缩CSS文件: E:\Code\AlingAi\AlingAi_pro\scripts\..\public\assets\css\input-theme-fixes.css
[2025-06-16 09:05:58] 压缩CSS文件: E:\Code\AlingAi\AlingAi_pro\scripts\..\public\assets\css\input-theme-fixes.min.css
[2025-06-16 09:05:58] 压缩CSS文件: E:\Code\AlingAi\AlingAi_pro\scripts\..\public\assets\css\integrated-detection-system.css
[2025-06-16 09:05:58] 压缩CSS文件: E:\Code\AlingAi\AlingAi_pro\scripts\..\public\assets\css\integrated-detection-system.min.css
[2025-06-16 09:05:58] 压缩CSS文件: E:\Code\AlingAi\AlingAi_pro\scripts\..\public\assets\css\integrated-detection-system.min.min.css
[2025-06-16 09:05:58] 压缩CSS文件: E:\Code\AlingAi\AlingAi_pro\scripts\..\public\assets\css\integrated-detection-system.min.min.min.css
[2025-06-16 09:05:58] 压缩CSS文件: E:\Code\AlingAi\AlingAi_pro\scripts\..\public\assets\css\main.css
[2025-06-16 09:05:58] 压缩CSS文件: E:\Code\AlingAi\AlingAi_pro\scripts\..\public\assets\css\main.min.css
[2025-06-16 09:05:58] 压缩CSS文件: E:\Code\AlingAi\AlingAi_pro\scripts\..\public\assets\css\main.min.min.css
[2025-06-16 09:05:58] 压缩CSS文件: E:\Code\AlingAi\AlingAi_pro\scripts\..\public\assets\css\main.min.min.min.css
[2025-06-16 09:05:58] 压缩CSS文件: E:\Code\AlingAi\AlingAi_pro\scripts\..\public\assets\css\minimalist-background.css
[2025-06-16 09:05:58] 压缩CSS文件: E:\Code\AlingAi\AlingAi_pro\scripts\..\public\assets\css\minimalist-background.min.css
[2025-06-16 09:05:58] 压缩CSS文件: E:\Code\AlingAi\AlingAi_pro\scripts\..\public\assets\css\minimalist-background.min.min.css
[2025-06-16 09:05:58] 压缩CSS文件: E:\Code\AlingAi\AlingAi_pro\scripts\..\public\assets\css\minimalist-background.min.min.min.css
[2025-06-16 09:05:58] 压缩CSS文件: E:\Code\AlingAi\AlingAi_pro\scripts\..\public\assets\css\minimalist-backgrounds.css
[2025-06-16 09:05:58] 压缩CSS文件: E:\Code\AlingAi\AlingAi_pro\scripts\..\public\assets\css\minimalist-backgrounds.min.css
[2025-06-16 09:05:58] 压缩CSS文件: E:\Code\AlingAi\AlingAi_pro\scripts\..\public\assets\css\minimalist-backgrounds.min.min.css
[2025-06-16 09:05:58] 压缩CSS文件: E:\Code\AlingAi\AlingAi_pro\scripts\..\public\assets\css\minimalist-backgrounds.min.min.min.css
[2025-06-16 09:05:58] 压缩CSS文件: E:\Code\AlingAi\AlingAi_pro\scripts\..\public\assets\css\modal-fixes.css
[2025-06-16 09:05:58] 压缩CSS文件: E:\Code\AlingAi\AlingAi_pro\scripts\..\public\assets\css\modal-fixes.min.css
[2025-06-16 09:05:58] 压缩CSS文件: E:\Code\AlingAi\AlingAi_pro\scripts\..\public\assets\css\modal-fixes.min.min.css
[2025-06-16 09:05:58] 压缩CSS文件: E:\Code\AlingAi\AlingAi_pro\scripts\..\public\assets\css\quantum-animations.css
[2025-06-16 09:05:58] 压缩CSS文件: E:\Code\AlingAi\AlingAi_pro\scripts\..\public\assets\css\quantum-animations.min.css
[2025-06-16 09:05:58] 压缩CSS文件: E:\Code\AlingAi\AlingAi_pro\scripts\..\public\assets\css\quantum-animations.min.min.css
[2025-06-16 09:05:58] 压缩CSS文件: E:\Code\AlingAi\AlingAi_pro\scripts\..\public\assets\css\quantum-animations.min.min.min.css
[2025-06-16 09:05:58] 压缩CSS文件: E:\Code\AlingAi\AlingAi_pro\scripts\..\public\assets\css\quantum-chat-animations.css
[2025-06-16 09:05:58] 压缩CSS文件: E:\Code\AlingAi\AlingAi_pro\scripts\..\public\assets\css\quantum-chat-animations.min.css
[2025-06-16 09:05:58] 压缩CSS文件: E:\Code\AlingAi\AlingAi_pro\scripts\..\public\assets\css\quantum-chat-animations.min.min.css
[2025-06-16 09:05:58] 压缩CSS文件: E:\Code\AlingAi\AlingAi_pro\scripts\..\public\assets\css\quantum-chat-animations.min.min.min.css
[2025-06-16 09:05:58] 压缩CSS文件: E:\Code\AlingAi\AlingAi_pro\scripts\..\public\assets\css\quantum-styles.css
[2025-06-16 09:05:58] 压缩CSS文件: E:\Code\AlingAi\AlingAi_pro\scripts\..\public\assets\css\quantum-styles.min.css
[2025-06-16 09:05:58] 压缩CSS文件: E:\Code\AlingAi\AlingAi_pro\scripts\..\public\assets\css\quantum-styles.min.min.css
[2025-06-16 09:05:58] 压缩CSS文件: E:\Code\AlingAi\AlingAi_pro\scripts\..\public\assets\css\quantum-styles.min.min.min.css
[2025-06-16 09:05:58] 压缩CSS文件: E:\Code\AlingAi\AlingAi_pro\scripts\..\public\assets\css\quantum.css
[2025-06-16 09:05:58] 压缩CSS文件: E:\Code\AlingAi\AlingAi_pro\scripts\..\public\assets\css\quantum.min.css
[2025-06-16 09:05:58] 压缩CSS文件: E:\Code\AlingAi\AlingAi_pro\scripts\..\public\assets\css\quantum.min.min.css
[2025-06-16 09:05:58] 压缩CSS文件: E:\Code\AlingAi\AlingAi_pro\scripts\..\public\assets\css\quantum.min.min.min.css
[2025-06-16 09:05:58] 压缩CSS文件: E:\Code\AlingAi\AlingAi_pro\scripts\..\public\assets\css\simplified-tech-background.css
[2025-06-16 09:05:58] 压缩CSS文件: E:\Code\AlingAi\AlingAi_pro\scripts\..\public\assets\css\simplified-tech-background.min.css
[2025-06-16 09:05:58] 压缩CSS文件: E:\Code\AlingAi\AlingAi_pro\scripts\..\public\assets\css\simplified-tech-background.min.min.css
[2025-06-16 09:05:58] 压缩CSS文件: E:\Code\AlingAi\AlingAi_pro\scripts\..\public\assets\css\simplified-tech-background.min.min.min.css
[2025-06-16 09:05:58] 压缩CSS文件: E:\Code\AlingAi\AlingAi_pro\scripts\..\public\assets\css\style.css
[2025-06-16 09:05:58] 压缩CSS文件: E:\Code\AlingAi\AlingAi_pro\scripts\..\public\assets\css\styles.css
[2025-06-16 09:05:58] 压缩CSS文件: E:\Code\AlingAi\AlingAi_pro\scripts\..\public\assets\css\styles.min.css
[2025-06-16 09:05:58] 压缩CSS文件: E:\Code\AlingAi\AlingAi_pro\scripts\..\public\assets\css\styles.min.min.css
[2025-06-16 09:05:58] 压缩CSS文件: E:\Code\AlingAi\AlingAi_pro\scripts\..\public\assets\css\styles.min.min.min.css
[2025-06-16 09:05:58] 压缩CSS文件: E:\Code\AlingAi\AlingAi_pro\scripts\..\public\assets\css\unified-background-manager.css
[2025-06-16 09:05:58] 压缩CSS文件: E:\Code\AlingAi\AlingAi_pro\scripts\..\public\assets\css\unified-background-manager.min.css
[2025-06-16 09:05:58] 压缩CSS文件: E:\Code\AlingAi\AlingAi_pro\scripts\..\public\assets\css\unified-background-manager.min.min.css
[2025-06-16 09:05:58] 压缩CSS文件: E:\Code\AlingAi\AlingAi_pro\scripts\..\public\assets\css\unified-background-manager.min.min.min.css
[2025-06-16 09:05:58] 压缩CSS文件: E:\Code\AlingAi\AlingAi_pro\scripts\..\public\assets\css\visualization-dashboard.css
[2025-06-16 09:05:58] 压缩CSS文件: E:\Code\AlingAi\AlingAi_pro\scripts\..\public\assets\css\visualization-dashboard.min.css
[2025-06-16 09:05:58] 压缩CSS文件: E:\Code\AlingAi\AlingAi_pro\scripts\..\public\assets\css\visualization-dashboard.min.min.css
[2025-06-16 09:05:58] 压缩CSS文件: E:\Code\AlingAi\AlingAi_pro\scripts\..\public\assets\css\visualization-dashboard.min.min.min.css
[2025-06-16 09:05:58] 压缩JavaScript文件: E:\Code\AlingAi\AlingAi_pro\scripts\..\public\assets\js\accessibility.js
[2025-06-16 09:05:59] 压缩JavaScript文件: E:\Code\AlingAi\AlingAi_pro\scripts\..\public\assets\js\accessibility.min.js
[2025-06-16 09:05:59] 压缩JavaScript文件: E:\Code\AlingAi\AlingAi_pro\scripts\..\public\assets\js\advanced-debug-console.js
[2025-06-16 09:05:59] 压缩JavaScript文件: E:\Code\AlingAi\AlingAi_pro\scripts\..\public\assets\js\advanced-ui-components.js
[2025-06-16 09:05:59] 压缩JavaScript文件: E:\Code\AlingAi\AlingAi_pro\scripts\..\public\assets\js\advanced-ui-components.min.js
[2025-06-16 09:05:59] 压缩JavaScript文件: E:\Code\AlingAi\AlingAi_pro\scripts\..\public\assets\js\animation-performance-monitor.js
[2025-06-16 09:05:59] 压缩JavaScript文件: E:\Code\AlingAi\AlingAi_pro\scripts\..\public\assets\js\api-integration.js
[2025-06-16 09:05:59] 压缩JavaScript文件: E:\Code\AlingAi\AlingAi_pro\scripts\..\public\assets\js\api-integration.min.js
[2025-06-16 09:05:59] 压缩JavaScript文件: E:\Code\AlingAi\AlingAi_pro\scripts\..\public\assets\js\api-management.js
[2025-06-16 09:05:59] 压缩JavaScript文件: E:\Code\AlingAi\AlingAi_pro\scripts\..\public\assets\js\api-management.min.js
[2025-06-16 09:05:59] 压缩JavaScript文件: E:\Code\AlingAi\AlingAi_pro\scripts\..\public\assets\js\api-manager.js
[2025-06-16 09:05:59] 压缩JavaScript文件: E:\Code\AlingAi\AlingAi_pro\scripts\..\public\assets\js\api-manager.min.js
[2025-06-16 09:05:59] 压缩JavaScript文件: E:\Code\AlingAi\AlingAi_pro\scripts\..\public\assets\js\apiConfig.js
[2025-06-16 09:05:59] 压缩JavaScript文件: E:\Code\AlingAi\AlingAi_pro\scripts\..\public\assets\js\apiConfig.min.js
[2025-06-16 09:05:59] 压缩JavaScript文件: E:\Code\AlingAi\AlingAi_pro\scripts\..\public\assets\js\app.js
[2025-06-16 09:05:59] 压缩JavaScript文件: E:\Code\AlingAi\AlingAi_pro\scripts\..\public\assets\js\audio-enhancement.js
[2025-06-16 09:05:59] 压缩JavaScript文件: E:\Code\AlingAi\AlingAi_pro\scripts\..\public\assets\js\auth.js
[2025-06-16 09:05:59] 压缩JavaScript文件: E:\Code\AlingAi\AlingAi_pro\scripts\..\public\assets\js\auth.min.js
[2025-06-16 09:05:59] 压缩JavaScript文件: E:\Code\AlingAi\AlingAi_pro\scripts\..\public\assets\js\auth_new.js
[2025-06-16 09:05:59] 压缩JavaScript文件: E:\Code\AlingAi\AlingAi_pro\scripts\..\public\assets\js\bootstrap.bundle.min.js
[2025-06-16 09:05:59] 压缩JavaScript文件: E:\Code\AlingAi\AlingAi_pro\scripts\..\public\assets\js\bootstrap.bundle.min.min.js
[2025-06-16 09:05:59] 压缩JavaScript文件: E:\Code\AlingAi\AlingAi_pro\scripts\..\public\assets\js\browser-functionality-test.js
[2025-06-16 09:05:59] 压缩JavaScript文件: E:\Code\AlingAi\AlingAi_pro\scripts\..\public\assets\js\browser-functionality-test.min.js
[2025-06-16 09:05:59] 压缩JavaScript文件: E:\Code\AlingAi\AlingAi_pro\scripts\..\public\assets\js\browser-test.js
[2025-06-16 09:05:59] 压缩JavaScript文件: E:\Code\AlingAi\AlingAi_pro\scripts\..\public\assets\js\browser-test.min.js
[2025-06-16 09:05:59] 压缩JavaScript文件: E:\Code\AlingAi\AlingAi_pro\scripts\..\public\assets\js\chat-button-integrator.js
[2025-06-16 09:05:59] 压缩JavaScript文件: E:\Code\AlingAi\AlingAi_pro\scripts\..\public\assets\js\chat-core-classes.js
[2025-06-16 09:05:59] 压缩JavaScript文件: E:\Code\AlingAi\AlingAi_pro\scripts\..\public\assets\js\chat-core-classes.min.js
[2025-06-16 09:05:59] 压缩JavaScript文件: E:\Code\AlingAi\AlingAi_pro\scripts\..\public\assets\js\chat-system.js
[2025-06-16 09:05:59] 压缩JavaScript文件: E:\Code\AlingAi\AlingAi_pro\scripts\..\public\assets\js\chat-system.min.js
[2025-06-16 09:05:59] 压缩JavaScript文件: E:\Code\AlingAi\AlingAi_pro\scripts\..\public\assets\js\chat-test.js
[2025-06-16 09:05:59] 压缩JavaScript文件: E:\Code\AlingAi\AlingAi_pro\scripts\..\public\assets\js\chat-test.min.js
[2025-06-16 09:05:59] 压缩JavaScript文件: E:\Code\AlingAi\AlingAi_pro\scripts\..\public\assets\js\chat-verification-checker.js
[2025-06-16 09:05:59] 压缩JavaScript文件: E:\Code\AlingAi\AlingAi_pro\scripts\..\public\assets\js\chat-verification-checker.min.js
[2025-06-16 09:05:59] 压缩JavaScript文件: E:\Code\AlingAi\AlingAi_pro\scripts\..\public\assets\js\chat-widget.js
[2025-06-16 09:05:59] 压缩JavaScript文件: E:\Code\AlingAi\AlingAi_pro\scripts\..\public\assets\js\chat-widget.min.js
[2025-06-16 09:05:59] 压缩JavaScript文件: E:\Code\AlingAi\AlingAi_pro\scripts\..\public\assets\js\combined.min.js
[2025-06-16 09:05:59] 压缩JavaScript文件: E:\Code\AlingAi\AlingAi_pro\scripts\..\public\assets\js\complete-system-validator.js
[2025-06-16 09:05:59] 压缩JavaScript文件: E:\Code\AlingAi\AlingAi_pro\scripts\..\public\assets\js\comprehensive-integration-test.js
[2025-06-16 09:05:59] 压缩JavaScript文件: E:\Code\AlingAi\AlingAi_pro\scripts\..\public\assets\js\comprehensive-integration-test.min.js
[2025-06-16 09:05:59] 压缩JavaScript文件: E:\Code\AlingAi\AlingAi_pro\scripts\..\public\assets\js\comprehensive-test.js
[2025-06-16 09:05:59] 压缩JavaScript文件: E:\Code\AlingAi\AlingAi_pro\scripts\..\public\assets\js\comprehensive-test.min.js
[2025-06-16 09:05:59] 压缩JavaScript文件: E:\Code\AlingAi\AlingAi_pro\scripts\..\public\assets\js\comprehensive-testing-system.js
[2025-06-16 09:05:59] 压缩JavaScript文件: E:\Code\AlingAi\AlingAi_pro\scripts\..\public\assets\js\comprehensive-testing-system.min.js
[2025-06-16 09:05:59] 压缩JavaScript文件: E:\Code\AlingAi\AlingAi_pro\scripts\..\public\assets\js\comprehensive-verification.js
[2025-06-16 09:05:59] 压缩JavaScript文件: E:\Code\AlingAi\AlingAi_pro\scripts\..\public\assets\js\comprehensive-verification.min.js
[2025-06-16 09:05:59] 压缩JavaScript文件: E:\Code\AlingAi\AlingAi_pro\scripts\..\public\assets\js\config.js
[2025-06-16 09:05:59] 压缩JavaScript文件: E:\Code\AlingAi\AlingAi_pro\scripts\..\public\assets\js\cpp-animation-enhanced.js
[2025-06-16 09:05:59] 压缩JavaScript文件: E:\Code\AlingAi\AlingAi_pro\scripts\..\public\assets\js\cpp-animation-verification.js
[2025-06-16 09:05:59] 压缩JavaScript文件: E:\Code\AlingAi\AlingAi_pro\scripts\..\public\assets\js\cpp-animation.js
[2025-06-16 09:05:59] 压缩JavaScript文件: E:\Code\AlingAi\AlingAi_pro\scripts\..\public\assets\js\dashboard-integration.js
[2025-06-16 09:05:59] 压缩JavaScript文件: E:\Code\AlingAi\AlingAi_pro\scripts\..\public\assets\js\dashboard-integration.min.js
[2025-06-16 09:05:59] 压缩JavaScript文件: E:\Code\AlingAi\AlingAi_pro\scripts\..\public\assets\js\data-visualization.js
[2025-06-16 09:05:59] 压缩JavaScript文件: E:\Code\AlingAi\AlingAi_pro\scripts\..\public\assets\js\deep-diagnostics.js
[2025-06-16 09:05:59] 压缩JavaScript文件: E:\Code\AlingAi\AlingAi_pro\scripts\..\public\assets\js\deep-diagnostics.min.js
[2025-06-16 09:05:59] 压缩JavaScript文件: E:\Code\AlingAi\AlingAi_pro\scripts\..\public\assets\js\detection-system-demo.js
[2025-06-16 09:05:59] 压缩JavaScript文件: E:\Code\AlingAi\AlingAi_pro\scripts\..\public\assets\js\detection-system-demo.min.js
[2025-06-16 09:05:59] 压缩JavaScript文件: E:\Code\AlingAi\AlingAi_pro\scripts\..\public\assets\js\detection-system-validator.js
[2025-06-16 09:05:59] 压缩JavaScript文件: E:\Code\AlingAi\AlingAi_pro\scripts\..\public\assets\js\detection-system-validator.min.js
[2025-06-16 09:05:59] 压缩JavaScript文件: E:\Code\AlingAi\AlingAi_pro\scripts\..\public\assets\js\diagnostics-export-manager.js
[2025-06-16 09:05:59] 压缩JavaScript文件: E:\Code\AlingAi\AlingAi_pro\scripts\..\public\assets\js\e2e-test.js
[2025-06-16 09:05:59] 压缩JavaScript文件: E:\Code\AlingAi\AlingAi_pro\scripts\..\public\assets\js\e2e-test.min.js
[2025-06-16 09:05:59] 压缩JavaScript文件: E:\Code\AlingAi\AlingAi_pro\scripts\..\public\assets\js\enhanced-admin-testing-system.js
[2025-06-16 09:05:59] 压缩JavaScript文件: E:\Code\AlingAi\AlingAi_pro\scripts\..\public\assets\js\enhanced-detection-demo.js
[2025-06-16 09:05:59] 压缩JavaScript文件: E:\Code\AlingAi\AlingAi_pro\scripts\..\public\assets\js\enhanced-detection-demo.min.js
[2025-06-16 09:05:59] 压缩JavaScript文件: E:\Code\AlingAi\AlingAi_pro\scripts\..\public\assets\js\enhanced-ui-manager.js
[2025-06-16 09:05:59] 压缩JavaScript文件: E:\Code\AlingAi\AlingAi_pro\scripts\..\public\assets\js\environment-checker.js
[2025-06-16 09:05:59] 压缩JavaScript文件: E:\Code\AlingAi\AlingAi_pro\scripts\..\public\assets\js\environment-checker.min.js
[2025-06-16 09:05:59] 压缩JavaScript文件: E:\Code\AlingAi\AlingAi_pro\scripts\..\public\assets\js\final-browser-validation.js
[2025-06-16 09:05:59] 压缩JavaScript文件: E:\Code\AlingAi\AlingAi_pro\scripts\..\public\assets\js\final-browser-validation.min.js
[2025-06-16 09:05:59] 压缩JavaScript文件: E:\Code\AlingAi\AlingAi_pro\scripts\..\public\assets\js\final-integration-test.js
[2025-06-16 09:05:59] 压缩JavaScript文件: E:\Code\AlingAi\AlingAi_pro\scripts\..\public\assets\js\final-system-status-check.js
[2025-06-16 09:05:59] 压缩JavaScript文件: E:\Code\AlingAi\AlingAi_pro\scripts\..\public\assets\js\final-user-interaction-test.js
[2025-06-16 09:05:59] 压缩JavaScript文件: E:\Code\AlingAi\AlingAi_pro\scripts\..\public\assets\js\final-user-interaction-test.min.js
[2025-06-16 09:05:59] 压缩JavaScript文件: E:\Code\AlingAi\AlingAi_pro\scripts\..\public\assets\js\final-validation.js
[2025-06-16 09:05:59] 压缩JavaScript文件: E:\Code\AlingAi\AlingAi_pro\scripts\..\public\assets\js\final-validation.min.js
[2025-06-16 09:05:59] 压缩JavaScript文件: E:\Code\AlingAi\AlingAi_pro\scripts\..\public\assets\js\final-verification-2.js
[2025-06-16 09:05:59] 压缩JavaScript文件: E:\Code\AlingAi\AlingAi_pro\scripts\..\public\assets\js\final-verification-2.min.js
[2025-06-16 09:05:59] 压缩JavaScript文件: E:\Code\AlingAi\AlingAi_pro\scripts\..\public\assets\js\final-verification.js
[2025-06-16 09:05:59] 压缩JavaScript文件: E:\Code\AlingAi\AlingAi_pro\scripts\..\public\assets\js\final-verification.min.js
[2025-06-16 09:05:59] 压缩JavaScript文件: E:\Code\AlingAi\AlingAi_pro\scripts\..\public\assets\js\fix-verification.js
[2025-06-16 09:05:59] 压缩JavaScript文件: E:\Code\AlingAi\AlingAi_pro\scripts\..\public\assets\js\floating-buttons-deployment-manager.js
[2025-06-16 09:05:59] 压缩JavaScript文件: E:\Code\AlingAi\AlingAi_pro\scripts\..\public\assets\js\floating-buttons-diagnostic.js
[2025-06-16 09:05:59] 压缩JavaScript文件: E:\Code\AlingAi\AlingAi_pro\scripts\..\public\assets\js\floating-buttons-manager.js
[2025-06-16 09:05:59] 压缩JavaScript文件: E:\Code\AlingAi\AlingAi_pro\scripts\..\public\assets\js\floating-buttons-test-runner.js
[2025-06-16 09:05:59] 压缩JavaScript文件: E:\Code\AlingAi\AlingAi_pro\scripts\..\public\assets\js\form-validation.js
[2025-06-16 09:05:59] 压缩JavaScript文件: E:\Code\AlingAi\AlingAi_pro\scripts\..\public\assets\js\form-validation.min.js
[2025-06-16 09:05:59] 压缩JavaScript文件: E:\Code\AlingAi\AlingAi_pro\scripts\..\public\assets\js\frontend-enhancements.js
[2025-06-16 09:05:59] 压缩JavaScript文件: E:\Code\AlingAi\AlingAi_pro\scripts\..\public\assets\js\frontend-enhancements.min.js
[2025-06-16 09:05:59] 压缩JavaScript文件: E:\Code\AlingAi\AlingAi_pro\scripts\..\public\assets\js\frontend-fixes.js
[2025-06-16 09:05:59] 压缩JavaScript文件: E:\Code\AlingAi\AlingAi_pro\scripts\..\public\assets\js\frontend-resource-manager.js
[2025-06-16 09:05:59] 压缩JavaScript文件: E:\Code\AlingAi\AlingAi_pro\scripts\..\public\assets\js\frontend-validation.js
[2025-06-16 09:05:59] 压缩JavaScript文件: E:\Code\AlingAi\AlingAi_pro\scripts\..\public\assets\js\functionality-demonstrator.js
[2025-06-16 09:05:59] 压缩JavaScript文件: E:\Code\AlingAi\AlingAi_pro\scripts\..\public\assets\js\functionality-test.js
[2025-06-16 09:05:59] 压缩JavaScript文件: E:\Code\AlingAi\AlingAi_pro\scripts\..\public\assets\js\gesture-interaction.js
[2025-06-16 09:05:59] 压缩JavaScript文件: E:\Code\AlingAi\AlingAi_pro\scripts\..\public\assets\js\globe.js
[2025-06-16 09:05:59] 压缩JavaScript文件: E:\Code\AlingAi\AlingAi_pro\scripts\..\public\assets\js\highlight.min.js
[2025-06-16 09:05:59] 压缩JavaScript文件: E:\Code\AlingAi\AlingAi_pro\scripts\..\public\assets\js\highlight.min.min.js
[2025-06-16 09:05:59] 压缩JavaScript文件: E:\Code\AlingAi\AlingAi_pro\scripts\..\public\assets\js\historyUtils.js
[2025-06-16 09:05:59] 压缩JavaScript文件: E:\Code\AlingAi\AlingAi_pro\scripts\..\public\assets\js\historyUtils.min.js
[2025-06-16 09:05:59] 压缩JavaScript文件: E:\Code\AlingAi\AlingAi_pro\scripts\..\public\assets\js\homepage-ai-chat.js
[2025-06-16 09:05:59] 压缩JavaScript文件: E:\Code\AlingAi\AlingAi_pro\scripts\..\public\assets\js\homepage-fixes.js
[2025-06-16 09:05:59] 压缩JavaScript文件: E:\Code\AlingAi\AlingAi_pro\scripts\..\public\assets\js\integrated-detection-core.js
[2025-06-16 09:05:59] 压缩JavaScript文件: E:\Code\AlingAi\AlingAi_pro\scripts\..\public\assets\js\integrated-detection-core.min.js
[2025-06-16 09:05:59] 压缩JavaScript文件: E:\Code\AlingAi\AlingAi_pro\scripts\..\public\assets\js\integrated-system-validator.js
[2025-06-16 09:05:59] 压缩JavaScript文件: E:\Code\AlingAi\AlingAi_pro\scripts\..\public\assets\js\integrated-system-validator.min.js
[2025-06-16 09:05:59] 压缩JavaScript文件: E:\Code\AlingAi\AlingAi_pro\scripts\..\public\assets\js\intelligent-alert-system.js
[2025-06-16 09:05:59] 压缩JavaScript文件: E:\Code\AlingAi\AlingAi_pro\scripts\..\public\assets\js\intelligent-alert-system.min.js
[2025-06-16 09:05:59] 压缩JavaScript文件: E:\Code\AlingAi\AlingAi_pro\scripts\..\public\assets\js\intelligent-error-recovery.js
[2025-06-16 09:05:59] 压缩JavaScript文件: E:\Code\AlingAi\AlingAi_pro\scripts\..\public\assets\js\lazy-loader.min.js
[2025-06-16 09:05:59] 压缩JavaScript文件: E:\Code\AlingAi\AlingAi_pro\scripts\..\public\assets\js\main-fixed.js
[2025-06-16 09:05:59] 压缩JavaScript文件: E:\Code\AlingAi\AlingAi_pro\scripts\..\public\assets\js\main-fixed.min.js
[2025-06-16 09:05:59] 压缩JavaScript文件: E:\Code\AlingAi\AlingAi_pro\scripts\..\public\assets\js\main.js
[2025-06-16 09:05:59] 压缩JavaScript文件: E:\Code\AlingAi\AlingAi_pro\scripts\..\public\assets\js\main.min.js
[2025-06-16 09:05:59] 压缩JavaScript文件: E:\Code\AlingAi\AlingAi_pro\scripts\..\public\assets\js\marked.min.js
[2025-06-16 09:05:59] 压缩JavaScript文件: E:\Code\AlingAi\AlingAi_pro\scripts\..\public\assets\js\marked.min.min.js
[2025-06-16 09:05:59] 压缩JavaScript文件: E:\Code\AlingAi\AlingAi_pro\scripts\..\public\assets\js\media-processing-system.js
[2025-06-16 09:05:59] 压缩JavaScript文件: E:\Code\AlingAi\AlingAi_pro\scripts\..\public\assets\js\media-processing-system.min.js
[2025-06-16 09:05:59] 压缩JavaScript文件: E:\Code\AlingAi\AlingAi_pro\scripts\..\public\assets\js\message-functionality-test.js
[2025-06-16 09:05:59] 压缩JavaScript文件: E:\Code\AlingAi\AlingAi_pro\scripts\..\public\assets\js\message-functionality-test.min.js
[2025-06-16 09:05:59] 压缩JavaScript文件: E:\Code\AlingAi\AlingAi_pro\scripts\..\public\assets\js\minimalist-background.js
[2025-06-16 09:05:59] 压缩JavaScript文件: E:\Code\AlingAi\AlingAi_pro\scripts\..\public\assets\js\minimalist-background.min.js
[2025-06-16 09:05:59] 压缩JavaScript文件: E:\Code\AlingAi\AlingAi_pro\scripts\..\public\assets\js\multi-auth-system.js
[2025-06-16 09:05:59] 压缩JavaScript文件: E:\Code\AlingAi\AlingAi_pro\scripts\..\public\assets\js\notification-system.js
[2025-06-16 09:05:59] 压缩JavaScript文件: E:\Code\AlingAi\AlingAi_pro\scripts\..\public\assets\js\notification-system.min.js
[2025-06-16 09:05:59] 压缩JavaScript文件: E:\Code\AlingAi\AlingAi_pro\scripts\..\public\assets\js\notifications.js
[2025-06-16 09:05:59] 压缩JavaScript文件: E:\Code\AlingAi\AlingAi_pro\scripts\..\public\assets\js\notifications.min.js
[2025-06-16 09:05:59] 压缩JavaScript文件: E:\Code\AlingAi\AlingAi_pro\scripts\..\public\assets\js\page-enhancements.js
[2025-06-16 09:05:59] 压缩JavaScript文件: E:\Code\AlingAi\AlingAi_pro\scripts\..\public\assets\js\page-enhancements.min.js
[2025-06-16 09:05:59] 压缩JavaScript文件: E:\Code\AlingAi\AlingAi_pro\scripts\..\public\assets\js\problem-fixer.js
[2025-06-16 09:05:59] 压缩JavaScript文件: E:\Code\AlingAi\AlingAi_pro\scripts\..\public\assets\js\problem-fixer.min.js
[2025-06-16 09:05:59] 压缩JavaScript文件: E:\Code\AlingAi\AlingAi_pro\scripts\..\public\assets\js\quantum-ball-detection.js
[2025-06-16 09:05:59] 压缩JavaScript文件: E:\Code\AlingAi\AlingAi_pro\scripts\..\public\assets\js\quantum-ball-detection.min.js
[2025-06-16 09:05:59] 压缩JavaScript文件: E:\Code\AlingAi\AlingAi_pro\scripts\..\public\assets\js\quantum-chat-integrator.js
[2025-06-16 09:05:59] 压缩JavaScript文件: E:\Code\AlingAi\AlingAi_pro\scripts\..\public\assets\js\quantum-chat-integrator.min.js
[2025-06-16 09:05:59] 压缩JavaScript文件: E:\Code\AlingAi\AlingAi_pro\scripts\..\public\assets\js\quantum-demo.js
[2025-06-16 09:05:59] 压缩JavaScript文件: E:\Code\AlingAi\AlingAi_pro\scripts\..\public\assets\js\quantum-demo.min.js
[2025-06-16 09:05:59] 压缩JavaScript文件: E:\Code\AlingAi\AlingAi_pro\scripts\..\public\assets\js\quantum-particles.js
[2025-06-16 09:05:59] 压缩JavaScript文件: E:\Code\AlingAi\AlingAi_pro\scripts\..\public\assets\js\quantum-particles.min.js
[2025-06-16 09:05:59] 压缩JavaScript文件: E:\Code\AlingAi\AlingAi_pro\scripts\..\public\assets\js\quick-test.js
[2025-06-16 09:05:59] 压缩JavaScript文件: E:\Code\AlingAi\AlingAi_pro\scripts\..\public\assets\js\quick-test.min.js
[2025-06-16 09:05:59] 压缩JavaScript文件: E:\Code\AlingAi\AlingAi_pro\scripts\..\public\assets\js\real-time-security-dashboard.js
[2025-06-16 09:05:59] 压缩JavaScript文件: E:\Code\AlingAi\AlingAi_pro\scripts\..\public\assets\js\realtime-monitor.js
[2025-06-16 09:05:59] 压缩JavaScript文件: E:\Code\AlingAi\AlingAi_pro\scripts\..\public\assets\js\realtime-monitor.min.js
[2025-06-16 09:05:59] 压缩JavaScript文件: E:\Code\AlingAi\AlingAi_pro\scripts\..\public\assets\js\realtime-performance-dashboard.js
[2025-06-16 09:05:59] 压缩JavaScript文件: E:\Code\AlingAi\AlingAi_pro\scripts\..\public\assets\js\sdk-download.js
[2025-06-16 09:05:59] 压缩JavaScript文件: E:\Code\AlingAi\AlingAi_pro\scripts\..\public\assets\js\search-filter-system.js
[2025-06-16 09:05:59] 压缩JavaScript文件: E:\Code\AlingAi\AlingAi_pro\scripts\..\public\assets\js\search-filter-system.min.js
[2025-06-16 09:05:59] 压缩JavaScript文件: E:\Code\AlingAi\AlingAi_pro\scripts\..\public\assets\js\simplified-tech-background.js
[2025-06-16 09:05:59] 压缩JavaScript文件: E:\Code\AlingAi\AlingAi_pro\scripts\..\public\assets\js\simplified-tech-background.min.js
[2025-06-16 09:05:59] 压缩JavaScript文件: E:\Code\AlingAi\AlingAi_pro\scripts\..\public\assets\js\social-customization.js
[2025-06-16 09:05:59] 压缩JavaScript文件: E:\Code\AlingAi\AlingAi_pro\scripts\..\public\assets\js\system-error-handler.js
[2025-06-16 09:05:59] 压缩JavaScript文件: E:\Code\AlingAi\AlingAi_pro\scripts\..\public\assets\js\system-error-handler.min.js
[2025-06-16 09:05:59] 压缩JavaScript文件: E:\Code\AlingAi\AlingAi_pro\scripts\..\public\assets\js\system-health-checker.js
[2025-06-16 09:05:59] 压缩JavaScript文件: E:\Code\AlingAi\AlingAi_pro\scripts\..\public\assets\js\system-health-checker.min.js
[2025-06-16 09:05:59] 压缩JavaScript文件: E:\Code\AlingAi\AlingAi_pro\scripts\..\public\assets\js\system-integration-manager.js
[2025-06-16 09:05:59] 压缩JavaScript文件: E:\Code\AlingAi\AlingAi_pro\scripts\..\public\assets\js\team-collaboration.js
[2025-06-16 09:05:59] 压缩JavaScript文件: E:\Code\AlingAi\AlingAi_pro\scripts\..\public\assets\js\team-collaboration.min.js
[2025-06-16 09:05:59] 压缩JavaScript文件: E:\Code\AlingAi\AlingAi_pro\scripts\..\public\assets\js\theme-system.js
[2025-06-16 09:05:59] 压缩JavaScript文件: E:\Code\AlingAi\AlingAi_pro\scripts\..\public\assets\js\theme-system.min.js
[2025-06-16 09:05:59] 压缩JavaScript文件: E:\Code\AlingAi\AlingAi_pro\scripts\..\public\assets\js\ui-components.js
[2025-06-16 09:05:59] 压缩JavaScript文件: E:\Code\AlingAi\AlingAi_pro\scripts\..\public\assets\js\ui-components.min.js
[2025-06-16 09:05:59] 压缩JavaScript文件: E:\Code\AlingAi\AlingAi_pro\scripts\..\public\assets\js\ui.js
[2025-06-16 09:05:59] 压缩JavaScript文件: E:\Code\AlingAi\AlingAi_pro\scripts\..\public\assets\js\ui.min.js
[2025-06-16 09:05:59] 压缩JavaScript文件: E:\Code\AlingAi\AlingAi_pro\scripts\..\public\assets\js\ultimate-performance-validator.js
[2025-06-16 09:05:59] 压缩JavaScript文件: E:\Code\AlingAi\AlingAi_pro\scripts\..\public\assets\js\unified-background-manager.js
[2025-06-16 09:05:59] 压缩JavaScript文件: E:\Code\AlingAi\AlingAi_pro\scripts\..\public\assets\js\unified-background-manager.min.js
[2025-06-16 09:05:59] 压缩JavaScript文件: E:\Code\AlingAi\AlingAi_pro\scripts\..\public\assets\js\utils.js
[2025-06-16 09:05:59] 压缩JavaScript文件: E:\Code\AlingAi\AlingAi_pro\scripts\..\public\assets\js\utils.min.js
[2025-06-16 09:05:59] 压缩JavaScript文件: E:\Code\AlingAi\AlingAi_pro\scripts\..\public\assets\js\ux-validator.js
[2025-06-16 09:05:59] 压缩JavaScript文件: E:\Code\AlingAi\AlingAi_pro\scripts\..\public\assets\js\ux-validator.min.js
[2025-06-16 09:05:59] 压缩JavaScript文件: E:\Code\AlingAi\AlingAi_pro\scripts\..\public\assets\js\visualization-dashboard.js
[2025-06-16 09:05:59] 压缩JavaScript文件: E:\Code\AlingAi\AlingAi_pro\scripts\..\public\assets\js\visualization-dashboard.min.js
[2025-06-16 09:05:59] 压缩JavaScript文件: E:\Code\AlingAi\AlingAi_pro\scripts\..\public\assets\js\voice-utils.js
[2025-06-16 09:05:59] 压缩JavaScript文件: E:\Code\AlingAi\AlingAi_pro\scripts\..\public\assets\js\voice-utils.min.js
[2025-06-16 09:05:59] 压缩JavaScript文件: E:\Code\AlingAi\AlingAi_pro\scripts\..\public\assets\js\website-status-integration.js
[2025-06-16 09:05:59] 压缩JavaScript文件: E:\Code\AlingAi\AlingAi_pro\scripts\..\public\assets\js\website-status-integration.min.js
[2025-06-16 09:05:59] 压缩JavaScript文件: E:\Code\AlingAi\AlingAi_pro\scripts\..\public\assets\js\websocket-client.js
[2025-06-16 09:05:59] 压缩JavaScript文件: E:\Code\AlingAi\AlingAi_pro\scripts\..\public\assets\js\websocket-client.min.js
[2025-06-16 09:05:59] 压缩JavaScript文件: E:\Code\AlingAi\AlingAi_pro\scripts\..\public\assets\js\zero-trust-auth.js
[2025-06-16 09:05:59] Public目录优化完成
